{"C:\\Users\\gowth\\OneDrive\\Desktop\\CC\\Campus-Connect\\frontend\\src\\components\\profile\\ExperienceForm.jsx": {"path":"C:\\Users\\gowth\\OneDrive\\Desktop\\CC\\Campus-Connect\\frontend\\src\\components\\profile\\ExperienceForm.jsx","statementMap":{"0":{"start":{"line":16,"column":27},"end":{"line":27,"column":1}},"1":{"start":{"line":17,"column":2},"end":{"line":17,"column":23}},"2":{"start":{"line":17,"column":13},"end":{"line":17,"column":23}},"3":{"start":{"line":18,"column":2},"end":{"line":26,"column":3}},"4":{"start":{"line":19,"column":14},"end":{"line":19,"column":72}},"5":{"start":{"line":20,"column":17},"end":{"line":20,"column":32}},"6":{"start":{"line":21,"column":18},"end":{"line":21,"column":64}},"7":{"start":{"line":22,"column":4},"end":{"line":22,"column":30}},"8":{"start":{"line":24,"column":4},"end":{"line":24,"column":57}},"9":{"start":{"line":25,"column":4},"end":{"line":25,"column":14}},"10":{"start":{"line":30,"column":21},"end":{"line":39,"column":1}},"11":{"start":{"line":41,"column":23},"end":{"line":348,"column":1}},"12":{"start":{"line":43,"column":34},"end":{"line":43,"column":56}},"13":{"start":{"line":44,"column":38},"end":{"line":44,"column":50}},"14":{"start":{"line":45,"column":42},"end":{"line":45,"column":54}},"15":{"start":{"line":48,"column":2},"end":{"line":70,"column":26}},"16":{"start":{"line":49,"column":4},"end":{"line":69,"column":5}},"17":{"start":{"line":50,"column":6},"end":{"line":65,"column":7}},"18":{"start":{"line":52,"column":8},"end":{"line":61,"column":11}},"19":{"start":{"line":64,"column":8},"end":{"line":64,"column":34}},"20":{"start":{"line":67,"column":6},"end":{"line":67,"column":24}},"21":{"start":{"line":68,"column":6},"end":{"line":68,"column":26}},"22":{"start":{"line":74,"column":23},"end":{"line":87,"column":3}},"23":{"start":{"line":75,"column":43},"end":{"line":75,"column":55}},"24":{"start":{"line":76,"column":4},"end":{"line":81,"column":8}},"25":{"start":{"line":76,"column":25},"end":{"line":81,"column":5}},"26":{"start":{"line":83,"column":4},"end":{"line":85,"column":5}},"27":{"start":{"line":84,"column":6},"end":{"line":84,"column":57}},"28":{"start":{"line":84,"column":29},"end":{"line":84,"column":54}},"29":{"start":{"line":86,"column":4},"end":{"line":86,"column":41}},"30":{"start":{"line":86,"column":21},"end":{"line":86,"column":41}},"31":{"start":{"line":89,"column":23},"end":{"line":129,"column":3}},"32":{"start":{"line":90,"column":17},"end":{"line":90,"column":19}},"33":{"start":{"line":91,"column":4},"end":{"line":91,"column":58}},"34":{"start":{"line":91,"column":24},"end":{"line":91,"column":58}},"35":{"start":{"line":92,"column":4},"end":{"line":92,"column":68}},"36":{"start":{"line":92,"column":32},"end":{"line":92,"column":68}},"37":{"start":{"line":93,"column":4},"end":{"line":93,"column":110}},"38":{"start":{"line":93,"column":39},"end":{"line":93,"column":110}},"39":{"start":{"line":94,"column":4},"end":{"line":98,"column":5}},"40":{"start":{"line":94,"column":29},"end":{"line":94,"column":74}},"41":{"start":{"line":96,"column":9},"end":{"line":98,"column":5}},"42":{"start":{"line":97,"column":8},"end":{"line":97,"column":64}},"43":{"start":{"line":101,"column":4},"end":{"line":119,"column":5}},"44":{"start":{"line":102,"column":8},"end":{"line":102,"column":74}},"45":{"start":{"line":105,"column":9},"end":{"line":119,"column":5}},"46":{"start":{"line":106,"column":8},"end":{"line":106,"column":62}},"47":{"start":{"line":109,"column":9},"end":{"line":119,"column":5}},"48":{"start":{"line":110,"column":8},"end":{"line":118,"column":9}},"49":{"start":{"line":111,"column":26},"end":{"line":111,"column":62}},"50":{"start":{"line":112,"column":24},"end":{"line":112,"column":58}},"51":{"start":{"line":113,"column":12},"end":{"line":115,"column":13}},"52":{"start":{"line":114,"column":16},"end":{"line":114,"column":73}},"53":{"start":{"line":117,"column":12},"end":{"line":117,"column":69}},"54":{"start":{"line":122,"column":4},"end":{"line":124,"column":5}},"55":{"start":{"line":123,"column":8},"end":{"line":123,"column":86}},"56":{"start":{"line":127,"column":4},"end":{"line":127,"column":26}},"57":{"start":{"line":128,"column":4},"end":{"line":128,"column":44}},"58":{"start":{"line":131,"column":21},"end":{"line":185,"column":3}},"59":{"start":{"line":132,"column":4},"end":{"line":132,"column":24}},"60":{"start":{"line":133,"column":4},"end":{"line":133,"column":32}},"61":{"start":{"line":133,"column":25},"end":{"line":133,"column":32}},"62":{"start":{"line":134,"column":4},"end":{"line":137,"column":5}},"63":{"start":{"line":135,"column":8},"end":{"line":135,"column":60}},"64":{"start":{"line":136,"column":8},"end":{"line":136,"column":15}},"65":{"start":{"line":142,"column":25},"end":{"line":142,"column":29}},"66":{"start":{"line":143,"column":23},"end":{"line":143,"column":27}},"67":{"start":{"line":145,"column":4},"end":{"line":157,"column":5}},"68":{"start":{"line":146,"column":8},"end":{"line":149,"column":9}},"69":{"start":{"line":148,"column":12},"end":{"line":148,"column":86}},"70":{"start":{"line":150,"column":8},"end":{"line":152,"column":9}},"71":{"start":{"line":151,"column":12},"end":{"line":151,"column":82}},"72":{"start":{"line":154,"column":8},"end":{"line":154,"column":66}},"73":{"start":{"line":155,"column":8},"end":{"line":155,"column":80}},"74":{"start":{"line":156,"column":8},"end":{"line":156,"column":15}},"75":{"start":{"line":160,"column":27},"end":{"line":170,"column":5}},"76":{"start":{"line":173,"column":4},"end":{"line":175,"column":5}},"77":{"start":{"line":174,"column":8},"end":{"line":174,"column":38}},"78":{"start":{"line":178,"column":4},"end":{"line":184,"column":5}},"79":{"start":{"line":179,"column":6},"end":{"line":179,"column":60}},"80":{"start":{"line":182,"column":8},"end":{"line":182,"column":57}},"81":{"start":{"line":183,"column":8},"end":{"line":183,"column":71}},"82":{"start":{"line":189,"column":2},"end":{"line":347,"column":4}},"83":{"start":{"line":191,"column":39},"end":{"line":191,"column":61}}},"fnMap":{"0":{"name":"(anonymous_0)","decl":{"start":{"line":16,"column":27},"end":{"line":16,"column":28}},"loc":{"start":{"line":16,"column":37},"end":{"line":27,"column":1}},"line":16},"1":{"name":"(anonymous_1)","decl":{"start":{"line":41,"column":23},"end":{"line":41,"column":24}},"loc":{"start":{"line":41,"column":92},"end":{"line":348,"column":1}},"line":41},"2":{"name":"(anonymous_2)","decl":{"start":{"line":48,"column":12},"end":{"line":48,"column":13}},"loc":{"start":{"line":48,"column":18},"end":{"line":70,"column":3}},"line":48},"3":{"name":"(anonymous_3)","decl":{"start":{"line":74,"column":23},"end":{"line":74,"column":24}},"loc":{"start":{"line":74,"column":34},"end":{"line":87,"column":3}},"line":74},"4":{"name":"(anonymous_4)","decl":{"start":{"line":76,"column":16},"end":{"line":76,"column":17}},"loc":{"start":{"line":76,"column":25},"end":{"line":81,"column":5}},"line":76},"5":{"name":"(anonymous_5)","decl":{"start":{"line":84,"column":20},"end":{"line":84,"column":21}},"loc":{"start":{"line":84,"column":29},"end":{"line":84,"column":54}},"line":84},"6":{"name":"(anonymous_6)","decl":{"start":{"line":89,"column":23},"end":{"line":89,"column":24}},"loc":{"start":{"line":89,"column":29},"end":{"line":129,"column":3}},"line":89},"7":{"name":"(anonymous_7)","decl":{"start":{"line":131,"column":21},"end":{"line":131,"column":22}},"loc":{"start":{"line":131,"column":33},"end":{"line":185,"column":3}},"line":131},"8":{"name":"(anonymous_8)","decl":{"start":{"line":191,"column":33},"end":{"line":191,"column":34}},"loc":{"start":{"line":191,"column":39},"end":{"line":191,"column":61}},"line":191}},"branchMap":{"0":{"loc":{"start":{"line":17,"column":2},"end":{"line":17,"column":23}},"type":"if","locations":[{"start":{"line":17,"column":2},"end":{"line":17,"column":23}},{"start":{},"end":{}}],"line":17},"1":{"loc":{"start":{"line":19,"column":14},"end":{"line":19,"column":72}},"type":"cond-expr","locations":[{"start":{"line":19,"column":42},"end":{"line":19,"column":55}},{"start":{"line":19,"column":58},"end":{"line":19,"column":72}}],"line":19},"2":{"loc":{"start":{"line":41,"column":49},"end":{"line":41,"column":67}},"type":"default-arg","locations":[{"start":{"line":41,"column":63},"end":{"line":41,"column":67}}],"line":41},"3":{"loc":{"start":{"line":49,"column":4},"end":{"line":69,"column":5}},"type":"if","locations":[{"start":{"line":49,"column":4},"end":{"line":69,"column":5}},{"start":{},"end":{}}],"line":49},"4":{"loc":{"start":{"line":50,"column":6},"end":{"line":65,"column":7}},"type":"if","locations":[{"start":{"line":50,"column":6},"end":{"line":65,"column":7}},{"start":{"line":62,"column":13},"end":{"line":65,"column":7}}],"line":50},"5":{"loc":{"start":{"line":53,"column":16},"end":{"line":53,"column":53}},"type":"binary-expr","locations":[{"start":{"line":53,"column":16},"end":{"line":53,"column":32}},{"start":{"line":53,"column":36},"end":{"line":53,"column":53}}],"line":53},"6":{"loc":{"start":{"line":54,"column":17},"end":{"line":54,"column":56}},"type":"binary-expr","locations":[{"start":{"line":54,"column":17},"end":{"line":54,"column":34}},{"start":{"line":54,"column":38},"end":{"line":54,"column":56}}],"line":54},"7":{"loc":{"start":{"line":55,"column":24},"end":{"line":55,"column":77}},"type":"binary-expr","locations":[{"start":{"line":55,"column":24},"end":{"line":55,"column":48}},{"start":{"line":55,"column":52},"end":{"line":55,"column":77}}],"line":55},"8":{"loc":{"start":{"line":58,"column":21},"end":{"line":58,"column":68}},"type":"binary-expr","locations":[{"start":{"line":58,"column":21},"end":{"line":58,"column":42}},{"start":{"line":58,"column":46},"end":{"line":58,"column":68}}],"line":58},"9":{"loc":{"start":{"line":59,"column":23},"end":{"line":59,"column":74}},"type":"binary-expr","locations":[{"start":{"line":59,"column":23},"end":{"line":59,"column":46}},{"start":{"line":59,"column":50},"end":{"line":59,"column":74}}],"line":59},"10":{"loc":{"start":{"line":60,"column":16},"end":{"line":60,"column":53}},"type":"binary-expr","locations":[{"start":{"line":60,"column":16},"end":{"line":60,"column":32}},{"start":{"line":60,"column":36},"end":{"line":60,"column":53}}],"line":60},"11":{"loc":{"start":{"line":78,"column":14},"end":{"line":78,"column":51}},"type":"cond-expr","locations":[{"start":{"line":78,"column":36},"end":{"line":78,"column":43}},{"start":{"line":78,"column":46},"end":{"line":78,"column":51}}],"line":78},"12":{"loc":{"start":{"line":80,"column":10},"end":{"line":80,"column":60}},"type":"binary-expr","locations":[{"start":{"line":80,"column":10},"end":{"line":80,"column":30}},{"start":{"line":80,"column":34},"end":{"line":80,"column":41}},{"start":{"line":80,"column":45},"end":{"line":80,"column":60}}],"line":80},"13":{"loc":{"start":{"line":83,"column":4},"end":{"line":85,"column":5}},"type":"if","locations":[{"start":{"line":83,"column":4},"end":{"line":85,"column":5}},{"start":{},"end":{}}],"line":83},"14":{"loc":{"start":{"line":86,"column":4},"end":{"line":86,"column":41}},"type":"if","locations":[{"start":{"line":86,"column":4},"end":{"line":86,"column":41}},{"start":{},"end":{}}],"line":86},"15":{"loc":{"start":{"line":91,"column":4},"end":{"line":91,"column":58}},"type":"if","locations":[{"start":{"line":91,"column":4},"end":{"line":91,"column":58}},{"start":{},"end":{}}],"line":91},"16":{"loc":{"start":{"line":92,"column":4},"end":{"line":92,"column":68}},"type":"if","locations":[{"start":{"line":92,"column":4},"end":{"line":92,"column":68}},{"start":{},"end":{}}],"line":92},"17":{"loc":{"start":{"line":93,"column":4},"end":{"line":93,"column":110}},"type":"if","locations":[{"start":{"line":93,"column":4},"end":{"line":93,"column":110}},{"start":{},"end":{}}],"line":93},"18":{"loc":{"start":{"line":94,"column":4},"end":{"line":98,"column":5}},"type":"if","locations":[{"start":{"line":94,"column":4},"end":{"line":98,"column":5}},{"start":{"line":96,"column":9},"end":{"line":98,"column":5}}],"line":94},"19":{"loc":{"start":{"line":96,"column":9},"end":{"line":98,"column":5}},"type":"if","locations":[{"start":{"line":96,"column":9},"end":{"line":98,"column":5}},{"start":{},"end":{}}],"line":96},"20":{"loc":{"start":{"line":101,"column":4},"end":{"line":119,"column":5}},"type":"if","locations":[{"start":{"line":101,"column":4},"end":{"line":119,"column":5}},{"start":{"line":105,"column":9},"end":{"line":119,"column":5}}],"line":101},"21":{"loc":{"start":{"line":101,"column":8},"end":{"line":101,"column":48}},"type":"binary-expr","locations":[{"start":{"line":101,"column":8},"end":{"line":101,"column":27}},{"start":{"line":101,"column":31},"end":{"line":101,"column":48}}],"line":101},"22":{"loc":{"start":{"line":105,"column":9},"end":{"line":119,"column":5}},"type":"if","locations":[{"start":{"line":105,"column":9},"end":{"line":119,"column":5}},{"start":{"line":109,"column":9},"end":{"line":119,"column":5}}],"line":105},"23":{"loc":{"start":{"line":105,"column":13},"end":{"line":105,"column":72}},"type":"binary-expr","locations":[{"start":{"line":105,"column":13},"end":{"line":105,"column":29}},{"start":{"line":105,"column":33},"end":{"line":105,"column":72}}],"line":105},"24":{"loc":{"start":{"line":109,"column":9},"end":{"line":119,"column":5}},"type":"if","locations":[{"start":{"line":109,"column":9},"end":{"line":119,"column":5}},{"start":{},"end":{}}],"line":109},"25":{"loc":{"start":{"line":109,"column":13},"end":{"line":109,"column":74}},"type":"binary-expr","locations":[{"start":{"line":109,"column":13},"end":{"line":109,"column":31}},{"start":{"line":109,"column":35},"end":{"line":109,"column":51}},{"start":{"line":109,"column":55},"end":{"line":109,"column":74}}],"line":109},"26":{"loc":{"start":{"line":113,"column":12},"end":{"line":115,"column":13}},"type":"if","locations":[{"start":{"line":113,"column":12},"end":{"line":115,"column":13}},{"start":{},"end":{}}],"line":113},"27":{"loc":{"start":{"line":122,"column":4},"end":{"line":124,"column":5}},"type":"if","locations":[{"start":{"line":122,"column":4},"end":{"line":124,"column":5}},{"start":{},"end":{}}],"line":122},"28":{"loc":{"start":{"line":122,"column":8},"end":{"line":122,"column":62}},"type":"binary-expr","locations":[{"start":{"line":122,"column":8},"end":{"line":122,"column":21}},{"start":{"line":122,"column":25},"end":{"line":122,"column":62}}],"line":122},"29":{"loc":{"start":{"line":133,"column":4},"end":{"line":133,"column":32}},"type":"if","locations":[{"start":{"line":133,"column":4},"end":{"line":133,"column":32}},{"start":{},"end":{}}],"line":133},"30":{"loc":{"start":{"line":134,"column":4},"end":{"line":137,"column":5}},"type":"if","locations":[{"start":{"line":134,"column":4},"end":{"line":137,"column":5}},{"start":{},"end":{}}],"line":134},"31":{"loc":{"start":{"line":146,"column":8},"end":{"line":149,"column":9}},"type":"if","locations":[{"start":{"line":146,"column":8},"end":{"line":149,"column":9}},{"start":{},"end":{}}],"line":146},"32":{"loc":{"start":{"line":150,"column":8},"end":{"line":152,"column":9}},"type":"if","locations":[{"start":{"line":150,"column":8},"end":{"line":152,"column":9}},{"start":{},"end":{}}],"line":150},"33":{"loc":{"start":{"line":150,"column":12},"end":{"line":150,"column":51}},"type":"binary-expr","locations":[{"start":{"line":150,"column":12},"end":{"line":150,"column":28}},{"start":{"line":150,"column":32},"end":{"line":150,"column":51}}],"line":150},"34":{"loc":{"start":{"line":169,"column":10},"end":{"line":169,"column":74}},"type":"binary-expr","locations":[{"start":{"line":169,"column":10},"end":{"line":169,"column":22}},{"start":{"line":169,"column":26},"end":{"line":169,"column":45}},{"start":{"line":169,"column":49},"end":{"line":169,"column":74}}],"line":169},"35":{"loc":{"start":{"line":173,"column":4},"end":{"line":175,"column":5}},"type":"if","locations":[{"start":{"line":173,"column":4},"end":{"line":175,"column":5}},{"start":{},"end":{}}],"line":173},"36":{"loc":{"start":{"line":179,"column":35},"end":{"line":179,"column":58}},"type":"binary-expr","locations":[{"start":{"line":179,"column":35},"end":{"line":179,"column":50}},{"start":{"line":179,"column":54},"end":{"line":179,"column":58}}],"line":179},"37":{"loc":{"start":{"line":191,"column":39},"end":{"line":191,"column":61}},"type":"binary-expr","locations":[{"start":{"line":191,"column":39},"end":{"line":191,"column":48}},{"start":{"line":191,"column":52},"end":{"line":191,"column":61}}],"line":191},"38":{"loc":{"start":{"line":192,"column":20},"end":{"line":192,"column":74}},"type":"cond-expr","locations":[{"start":{"line":192,"column":34},"end":{"line":192,"column":51}},{"start":{"line":192,"column":54},"end":{"line":192,"column":74}}],"line":192},"39":{"loc":{"start":{"line":194,"column":9},"end":{"line":194,"column":86}},"type":"binary-expr","locations":[{"start":{"line":194,"column":9},"end":{"line":194,"column":21}},{"start":{"line":194,"column":25},"end":{"line":194,"column":86}}],"line":194},"40":{"loc":{"start":{"line":215,"column":17},"end":{"line":215,"column":86}},"type":"binary-expr","locations":[{"start":{"line":215,"column":17},"end":{"line":215,"column":32}},{"start":{"line":215,"column":36},"end":{"line":215,"column":86}}],"line":215},"41":{"loc":{"start":{"line":264,"column":32},"end":{"line":264,"column":65}},"type":"binary-expr","locations":[{"start":{"line":264,"column":32},"end":{"line":264,"column":52}},{"start":{"line":264,"column":56},"end":{"line":264,"column":65}}],"line":264},"42":{"loc":{"start":{"line":282,"column":32},"end":{"line":282,"column":63}},"type":"binary-expr","locations":[{"start":{"line":282,"column":32},"end":{"line":282,"column":50}},{"start":{"line":282,"column":54},"end":{"line":282,"column":63}}],"line":282},"43":{"loc":{"start":{"line":283,"column":30},"end":{"line":283,"column":60}},"type":"binary-expr","locations":[{"start":{"line":283,"column":30},"end":{"line":283,"column":38}},{"start":{"line":283,"column":42},"end":{"line":283,"column":60}}],"line":283},"44":{"loc":{"start":{"line":333,"column":28},"end":{"line":333,"column":79}},"type":"binary-expr","locations":[{"start":{"line":333,"column":28},"end":{"line":333,"column":43}},{"start":{"line":333,"column":47},"end":{"line":333,"column":79}}],"line":333},"45":{"loc":{"start":{"line":343,"column":11},"end":{"line":343,"column":124}},"type":"cond-expr","locations":[{"start":{"line":343,"column":22},"end":{"line":343,"column":67}},{"start":{"line":343,"column":71},"end":{"line":343,"column":123}}],"line":343},"46":{"loc":{"start":{"line":343,"column":71},"end":{"line":343,"column":123}},"type":"cond-expr","locations":[{"start":{"line":343,"column":85},"end":{"line":343,"column":104}},{"start":{"line":343,"column":107},"end":{"line":343,"column":123}}],"line":343}},"s":{"0":3,"1":2,"2":0,"3":2,"4":2,"5":2,"6":2,"7":2,"8":0,"9":0,"10":3,"11":3,"12":50,"13":50,"14":50,"15":50,"16":17,"17":9,"18":1,"19":8,"20":9,"21":9,"22":50,"23":9,"24":9,"25":9,"26":9,"27":0,"28":0,"29":9,"30":0,"31":50,"32":4,"33":4,"34":0,"35":4,"36":2,"37":4,"38":2,"39":4,"40":2,"41":2,"42":0,"43":4,"44":3,"45":1,"46":0,"47":1,"48":1,"49":1,"50":1,"51":1,"52":0,"53":0,"54":4,"55":1,"56":4,"57":4,"58":50,"59":4,"60":4,"61":3,"62":1,"63":0,"64":0,"65":1,"66":1,"67":1,"68":1,"69":1,"70":1,"71":1,"72":0,"73":0,"74":0,"75":1,"76":1,"77":0,"78":1,"79":1,"80":0,"81":0,"82":50,"83":0},"f":{"0":2,"1":50,"2":17,"3":9,"4":9,"5":0,"6":4,"7":4,"8":0},"b":{"0":[0,2],"1":[0,2],"2":[22],"3":[9,8],"4":[1,8],"5":[1,0],"6":[1,0],"7":[1,0],"8":[1,1],"9":[1,1],"10":[1,1],"11":[1,8],"12":[9,1,1],"13":[0,9],"14":[0,9],"15":[0,4],"16":[2,2],"17":[2,2],"18":[2,2],"19":[0,2],"20":[3,1],"21":[4,4],"22":[0,1],"23":[1,1],"24":[1,0],"25":[1,1,1],"26":[0,1],"27":[1,3],"28":[4,1],"29":[3,1],"30":[0,1],"31":[1,0],"32":[1,0],"33":[1,1],"34":[1,1,1],"35":[0,1],"36":[1,1],"37":[0,0],"38":[2,48],"39":[50,0],"40":[50,0],"41":[50,48],"42":[50,47],"43":[50,50],"44":[50,49],"45":[0,50],"46":[2,48]},"_coverageSchema":"1a1c01bbd47fc00a2c39e90264f33305004495a9","hash":"1090b8515f66cdd07b1a9ca85a398c85f280c2df"}
,"C:\\Users\\gowth\\OneDrive\\Desktop\\CC\\Campus-Connect\\frontend\\src\\components\\profile\\ProfessorExperienceResearch.jsx": {"path":"C:\\Users\\gowth\\OneDrive\\Desktop\\CC\\Campus-Connect\\frontend\\src\\components\\profile\\ProfessorExperienceResearch.jsx","statementMap":{"0":{"start":{"line":22,"column":18},"end":{"line":22,"column":20}},"1":{"start":{"line":25,"column":29},"end":{"line":33,"column":1}},"2":{"start":{"line":26,"column":4},"end":{"line":26,"column":41}},"3":{"start":{"line":26,"column":28},"end":{"line":26,"column":41}},"4":{"start":{"line":27,"column":4},"end":{"line":32,"column":5}},"5":{"start":{"line":28,"column":8},"end":{"line":28,"column":100}},"6":{"start":{"line":30,"column":8},"end":{"line":30,"column":62}},"7":{"start":{"line":31,"column":8},"end":{"line":31,"column":30}},"8":{"start":{"line":37,"column":14},"end":{"line":39,"column":2}},"9":{"start":{"line":38,"column":2},"end":{"line":38,"column":74}},"10":{"start":{"line":44,"column":36},"end":{"line":316,"column":1}},"11":{"start":{"line":46,"column":32},"end":{"line":46,"column":44}},"12":{"start":{"line":47,"column":42},"end":{"line":47,"column":87}},"13":{"start":{"line":48,"column":50},"end":{"line":48,"column":65}},"14":{"start":{"line":49,"column":36},"end":{"line":49,"column":48}},"15":{"start":{"line":52,"column":42},"end":{"line":52,"column":54}},"16":{"start":{"line":53,"column":56},"end":{"line":53,"column":70}},"17":{"start":{"line":54,"column":50},"end":{"line":54,"column":64}},"18":{"start":{"line":57,"column":62},"end":{"line":57,"column":77}},"19":{"start":{"line":58,"column":62},"end":{"line":58,"column":76}},"20":{"start":{"line":59,"column":56},"end":{"line":59,"column":71}},"21":{"start":{"line":62,"column":44},"end":{"line":62,"column":59}},"22":{"start":{"line":63,"column":50},"end":{"line":63,"column":62}},"23":{"start":{"line":64,"column":52},"end":{"line":64,"column":68}},"24":{"start":{"line":69,"column":19},"end":{"line":69,"column":40}},"25":{"start":{"line":73,"column":4},"end":{"line":75,"column":40}},"26":{"start":{"line":74,"column":8},"end":{"line":74,"column":60}},"27":{"start":{"line":78,"column":4},"end":{"line":101,"column":17}},"28":{"start":{"line":79,"column":26},"end":{"line":79,"column":34}},"29":{"start":{"line":80,"column":8},"end":{"line":99,"column":9}},"30":{"start":{"line":81,"column":12},"end":{"line":81,"column":40}},"31":{"start":{"line":82,"column":12},"end":{"line":82,"column":37}},"32":{"start":{"line":83,"column":45},"end":{"line":83,"column":91}},"33":{"start":{"line":84,"column":22},"end":{"line":84,"column":83}},"34":{"start":{"line":86,"column":12},"end":{"line":94,"column":15}},"35":{"start":{"line":87,"column":43},"end":{"line":87,"column":105}},"36":{"start":{"line":87,"column":74},"end":{"line":87,"column":103}},"37":{"start":{"line":88,"column":16},"end":{"line":88,"column":51}},"38":{"start":{"line":89,"column":16},"end":{"line":89,"column":45}},"39":{"start":{"line":91,"column":16},"end":{"line":91,"column":82}},"40":{"start":{"line":92,"column":16},"end":{"line":92,"column":75}},"41":{"start":{"line":93,"column":16},"end":{"line":93,"column":45}},"42":{"start":{"line":96,"column":12},"end":{"line":96,"column":31}},"43":{"start":{"line":97,"column":12},"end":{"line":97,"column":41}},"44":{"start":{"line":98,"column":12},"end":{"line":98,"column":83}},"45":{"start":{"line":100,"column":8},"end":{"line":100,"column":35}},"46":{"start":{"line":100,"column":21},"end":{"line":100,"column":34}},"47":{"start":{"line":105,"column":30},"end":{"line":110,"column":3}},"48":{"start":{"line":106,"column":4},"end":{"line":108,"column":5}},"49":{"start":{"line":107,"column":8},"end":{"line":107,"column":15}},"50":{"start":{"line":109,"column":4},"end":{"line":109,"column":27}},"51":{"start":{"line":112,"column":23},"end":{"line":116,"column":3}},"52":{"start":{"line":113,"column":6},"end":{"line":113,"column":34}},"53":{"start":{"line":114,"column":6},"end":{"line":114,"column":36}},"54":{"start":{"line":115,"column":6},"end":{"line":115,"column":28}},"55":{"start":{"line":121,"column":25},"end":{"line":144,"column":5}},"56":{"start":{"line":122,"column":25},"end":{"line":122,"column":38}},"57":{"start":{"line":123,"column":8},"end":{"line":123,"column":24}},"58":{"start":{"line":124,"column":8},"end":{"line":124,"column":71}},"59":{"start":{"line":124,"column":25},"end":{"line":124,"column":61}},"60":{"start":{"line":124,"column":62},"end":{"line":124,"column":69}},"61":{"start":{"line":125,"column":8},"end":{"line":127,"column":9}},"62":{"start":{"line":125,"column":36},"end":{"line":125,"column":80}},"63":{"start":{"line":126,"column":12},"end":{"line":126,"column":61}},"64":{"start":{"line":126,"column":62},"end":{"line":126,"column":76}},"65":{"start":{"line":126,"column":77},"end":{"line":126,"column":84}},"66":{"start":{"line":128,"column":8},"end":{"line":130,"column":9}},"67":{"start":{"line":129,"column":12},"end":{"line":129,"column":61}},"68":{"start":{"line":129,"column":62},"end":{"line":129,"column":76}},"69":{"start":{"line":129,"column":77},"end":{"line":129,"column":84}},"70":{"start":{"line":131,"column":8},"end":{"line":131,"column":67}},"71":{"start":{"line":131,"column":23},"end":{"line":131,"column":57}},"72":{"start":{"line":131,"column":58},"end":{"line":131,"column":65}},"73":{"start":{"line":133,"column":8},"end":{"line":133,"column":33}},"74":{"start":{"line":134,"column":27},"end":{"line":134,"column":51}},"75":{"start":{"line":135,"column":8},"end":{"line":143,"column":9}},"76":{"start":{"line":136,"column":12},"end":{"line":136,"column":82}},"77":{"start":{"line":137,"column":12},"end":{"line":137,"column":26}},"78":{"start":{"line":138,"column":12},"end":{"line":138,"column":77}},"79":{"start":{"line":140,"column":12},"end":{"line":140,"column":52}},"80":{"start":{"line":140,"column":53},"end":{"line":140,"column":87}},"81":{"start":{"line":140,"column":88},"end":{"line":140,"column":132}},"82":{"start":{"line":142,"column":12},"end":{"line":142,"column":38}},"83":{"start":{"line":146,"column":28},"end":{"line":160,"column":5}},"84":{"start":{"line":147,"column":8},"end":{"line":147,"column":67}},"85":{"start":{"line":147,"column":23},"end":{"line":147,"column":57}},"86":{"start":{"line":147,"column":58},"end":{"line":147,"column":65}},"87":{"start":{"line":148,"column":8},"end":{"line":148,"column":36}},"88":{"start":{"line":148,"column":29},"end":{"line":148,"column":36}},"89":{"start":{"line":149,"column":8},"end":{"line":149,"column":33}},"90":{"start":{"line":149,"column":34},"end":{"line":149,"column":50}},"91":{"start":{"line":150,"column":27},"end":{"line":150,"column":51}},"92":{"start":{"line":151,"column":8},"end":{"line":159,"column":9}},"93":{"start":{"line":152,"column":12},"end":{"line":152,"column":86}},"94":{"start":{"line":153,"column":12},"end":{"line":153,"column":69}},"95":{"start":{"line":155,"column":12},"end":{"line":155,"column":54}},"96":{"start":{"line":155,"column":55},"end":{"line":155,"column":92}},"97":{"start":{"line":155,"column":93},"end":{"line":155,"column":140}},"98":{"start":{"line":158,"column":12},"end":{"line":158,"column":38}},"99":{"start":{"line":164,"column":41},"end":{"line":164,"column":114}},"100":{"start":{"line":164,"column":49},"end":{"line":164,"column":80}},"101":{"start":{"line":164,"column":81},"end":{"line":164,"column":112}},"102":{"start":{"line":165,"column":42},"end":{"line":165,"column":139}},"103":{"start":{"line":165,"column":64},"end":{"line":165,"column":105}},"104":{"start":{"line":165,"column":106},"end":{"line":165,"column":137}},"105":{"start":{"line":166,"column":39},"end":{"line":166,"column":81}},"106":{"start":{"line":166,"column":47},"end":{"line":166,"column":79}},"107":{"start":{"line":169,"column":33},"end":{"line":196,"column":3}},"108":{"start":{"line":170,"column":6},"end":{"line":173,"column":7}},"109":{"start":{"line":171,"column":10},"end":{"line":171,"column":70}},"110":{"start":{"line":172,"column":10},"end":{"line":172,"column":53}},"111":{"start":{"line":174,"column":6},"end":{"line":174,"column":34}},"112":{"start":{"line":176,"column":6},"end":{"line":195,"column":7}},"113":{"start":{"line":177,"column":24},"end":{"line":177,"column":26}},"114":{"start":{"line":178,"column":10},"end":{"line":186,"column":11}},"115":{"start":{"line":179,"column":39},"end":{"line":179,"column":92}},"116":{"start":{"line":180,"column":14},"end":{"line":180,"column":58}},"117":{"start":{"line":181,"column":14},"end":{"line":181,"column":59}},"118":{"start":{"line":183,"column":47},"end":{"line":183,"column":93}},"119":{"start":{"line":184,"column":14},"end":{"line":184,"column":63}},"120":{"start":{"line":185,"column":14},"end":{"line":185,"column":57}},"121":{"start":{"line":187,"column":10},"end":{"line":187,"column":39}},"122":{"start":{"line":188,"column":10},"end":{"line":188,"column":43}},"123":{"start":{"line":190,"column":10},"end":{"line":190,"column":57}},"124":{"start":{"line":191,"column":10},"end":{"line":191,"column":77}},"125":{"start":{"line":192,"column":10},"end":{"line":192,"column":20}},"126":{"start":{"line":194,"column":10},"end":{"line":194,"column":39}},"127":{"start":{"line":198,"column":33},"end":{"line":215,"column":3}},"128":{"start":{"line":199,"column":4},"end":{"line":199,"column":76}},"129":{"start":{"line":199,"column":19},"end":{"line":199,"column":66}},"130":{"start":{"line":199,"column":67},"end":{"line":199,"column":74}},"131":{"start":{"line":200,"column":4},"end":{"line":200,"column":35}},"132":{"start":{"line":200,"column":28},"end":{"line":200,"column":35}},"133":{"start":{"line":201,"column":4},"end":{"line":201,"column":84}},"134":{"start":{"line":201,"column":77},"end":{"line":201,"column":84}},"135":{"start":{"line":203,"column":4},"end":{"line":203,"column":32}},"136":{"start":{"line":205,"column":4},"end":{"line":214,"column":5}},"137":{"start":{"line":206,"column":33},"end":{"line":206,"column":86}},"138":{"start":{"line":207,"column":8},"end":{"line":207,"column":42}},"139":{"start":{"line":208,"column":8},"end":{"line":208,"column":68}},"140":{"start":{"line":210,"column":8},"end":{"line":210,"column":57}},"141":{"start":{"line":211,"column":8},"end":{"line":211,"column":77}},"142":{"start":{"line":213,"column":8},"end":{"line":213,"column":37}},"143":{"start":{"line":218,"column":31},"end":{"line":223,"column":10}},"144":{"start":{"line":219,"column":21},"end":{"line":219,"column":40}},"145":{"start":{"line":220,"column":8},"end":{"line":220,"column":43}},"146":{"start":{"line":220,"column":26},"end":{"line":220,"column":41}},"147":{"start":{"line":221,"column":8},"end":{"line":221,"column":28}},"148":{"start":{"line":222,"column":8},"end":{"line":222,"column":19}},"149":{"start":{"line":224,"column":25},"end":{"line":224,"column":56}},"150":{"start":{"line":227,"column":4},"end":{"line":315,"column":6}},"151":{"start":{"line":237,"column":54},"end":{"line":237,"column":73}},"152":{"start":{"line":237,"column":74},"end":{"line":237,"column":89}},"153":{"start":{"line":238,"column":174},"end":{"line":238,"column":199}},"154":{"start":{"line":243,"column":132},"end":{"line":243,"column":285}},"155":{"start":{"line":243,"column":206},"end":{"line":243,"column":226}},"156":{"start":{"line":265,"column":20},"end":{"line":286,"column":26}},"157":{"start":{"line":269,"column":28},"end":{"line":283,"column":36}},"158":{"start":{"line":277,"column":76},"end":{"line":277,"column":110}},"159":{"start":{"line":278,"column":76},"end":{"line":278,"column":106}}},"fnMap":{"0":{"name":"(anonymous_0)","decl":{"start":{"line":25,"column":29},"end":{"line":25,"column":30}},"loc":{"start":{"line":25,"column":44},"end":{"line":33,"column":1}},"line":25},"1":{"name":"Alert","decl":{"start":{"line":37,"column":40},"end":{"line":37,"column":45}},"loc":{"start":{"line":37,"column":58},"end":{"line":39,"column":1}},"line":37},"2":{"name":"(anonymous_2)","decl":{"start":{"line":44,"column":36},"end":{"line":44,"column":37}},"loc":{"start":{"line":44,"column":59},"end":{"line":316,"column":1}},"line":44},"3":{"name":"(anonymous_3)","decl":{"start":{"line":73,"column":14},"end":{"line":73,"column":15}},"loc":{"start":{"line":73,"column":20},"end":{"line":75,"column":5}},"line":73},"4":{"name":"(anonymous_4)","decl":{"start":{"line":78,"column":14},"end":{"line":78,"column":15}},"loc":{"start":{"line":78,"column":20},"end":{"line":101,"column":5}},"line":78},"5":{"name":"(anonymous_5)","decl":{"start":{"line":79,"column":26},"end":{"line":79,"column":27}},"loc":{"start":{"line":79,"column":32},"end":{"line":79,"column":34}},"line":79},"6":{"name":"(anonymous_6)","decl":{"start":{"line":86,"column":40},"end":{"line":86,"column":41}},"loc":{"start":{"line":86,"column":59},"end":{"line":90,"column":13}},"line":86},"7":{"name":"(anonymous_7)","decl":{"start":{"line":87,"column":66},"end":{"line":87,"column":67}},"loc":{"start":{"line":87,"column":74},"end":{"line":87,"column":103}},"line":87},"8":{"name":"(anonymous_8)","decl":{"start":{"line":90,"column":15},"end":{"line":90,"column":16}},"loc":{"start":{"line":90,"column":26},"end":{"line":94,"column":13}},"line":90},"9":{"name":"(anonymous_9)","decl":{"start":{"line":100,"column":15},"end":{"line":100,"column":16}},"loc":{"start":{"line":100,"column":21},"end":{"line":100,"column":34}},"line":100},"10":{"name":"(anonymous_10)","decl":{"start":{"line":105,"column":30},"end":{"line":105,"column":31}},"loc":{"start":{"line":105,"column":49},"end":{"line":110,"column":3}},"line":105},"11":{"name":"(anonymous_11)","decl":{"start":{"line":112,"column":23},"end":{"line":112,"column":24}},"loc":{"start":{"line":112,"column":55},"end":{"line":116,"column":3}},"line":112},"12":{"name":"(anonymous_12)","decl":{"start":{"line":121,"column":25},"end":{"line":121,"column":26}},"loc":{"start":{"line":121,"column":37},"end":{"line":144,"column":5}},"line":121},"13":{"name":"(anonymous_13)","decl":{"start":{"line":125,"column":29},"end":{"line":125,"column":30}},"loc":{"start":{"line":125,"column":36},"end":{"line":125,"column":80}},"line":125},"14":{"name":"(anonymous_14)","decl":{"start":{"line":146,"column":28},"end":{"line":146,"column":29}},"loc":{"start":{"line":146,"column":51},"end":{"line":160,"column":5}},"line":146},"15":{"name":"(anonymous_15)","decl":{"start":{"line":164,"column":41},"end":{"line":164,"column":42}},"loc":{"start":{"line":164,"column":47},"end":{"line":164,"column":114}},"line":164},"16":{"name":"(anonymous_16)","decl":{"start":{"line":165,"column":42},"end":{"line":165,"column":43}},"loc":{"start":{"line":165,"column":62},"end":{"line":165,"column":139}},"line":165},"17":{"name":"(anonymous_17)","decl":{"start":{"line":166,"column":39},"end":{"line":166,"column":40}},"loc":{"start":{"line":166,"column":45},"end":{"line":166,"column":81}},"line":166},"18":{"name":"(anonymous_18)","decl":{"start":{"line":169,"column":33},"end":{"line":169,"column":34}},"loc":{"start":{"line":169,"column":67},"end":{"line":196,"column":3}},"line":169},"19":{"name":"(anonymous_19)","decl":{"start":{"line":198,"column":33},"end":{"line":198,"column":34}},"loc":{"start":{"line":198,"column":57},"end":{"line":215,"column":3}},"line":198},"20":{"name":"(anonymous_20)","decl":{"start":{"line":218,"column":50},"end":{"line":218,"column":51}},"loc":{"start":{"line":218,"column":64},"end":{"line":223,"column":5}},"line":218},"21":{"name":"(anonymous_21)","decl":{"start":{"line":237,"column":45},"end":{"line":237,"column":46}},"loc":{"start":{"line":237,"column":52},"end":{"line":237,"column":91}},"line":237},"22":{"name":"(anonymous_22)","decl":{"start":{"line":238,"column":167},"end":{"line":238,"column":168}},"loc":{"start":{"line":238,"column":174},"end":{"line":238,"column":199}},"line":238},"23":{"name":"(anonymous_23)","decl":{"start":{"line":243,"column":121},"end":{"line":243,"column":122}},"loc":{"start":{"line":243,"column":132},"end":{"line":243,"column":285}},"line":243},"24":{"name":"(anonymous_24)","decl":{"start":{"line":243,"column":200},"end":{"line":243,"column":201}},"loc":{"start":{"line":243,"column":206},"end":{"line":243,"column":226}},"line":243},"25":{"name":"(anonymous_25)","decl":{"start":{"line":264,"column":56},"end":{"line":264,"column":57}},"loc":{"start":{"line":265,"column":20},"end":{"line":286,"column":26}},"line":265},"26":{"name":"(anonymous_26)","decl":{"start":{"line":268,"column":34},"end":{"line":268,"column":35}},"loc":{"start":{"line":269,"column":28},"end":{"line":283,"column":36}},"line":269},"27":{"name":"(anonymous_27)","decl":{"start":{"line":277,"column":70},"end":{"line":277,"column":71}},"loc":{"start":{"line":277,"column":76},"end":{"line":277,"column":110}},"line":277},"28":{"name":"(anonymous_28)","decl":{"start":{"line":278,"column":70},"end":{"line":278,"column":71}},"loc":{"start":{"line":278,"column":76},"end":{"line":278,"column":106}},"line":278}},"branchMap":{"0":{"loc":{"start":{"line":26,"column":4},"end":{"line":26,"column":41}},"type":"if","locations":[{"start":{"line":26,"column":4},"end":{"line":26,"column":41}},{"start":{},"end":{}}],"line":26},"1":{"loc":{"start":{"line":47,"column":51},"end":{"line":47,"column":86}},"type":"binary-expr","locations":[{"start":{"line":47,"column":51},"end":{"line":47,"column":80}},{"start":{"line":47,"column":84},"end":{"line":47,"column":86}}],"line":47},"2":{"loc":{"start":{"line":74,"column":23},"end":{"line":74,"column":58}},"type":"binary-expr","locations":[{"start":{"line":74,"column":23},"end":{"line":74,"column":52}},{"start":{"line":74,"column":56},"end":{"line":74,"column":58}}],"line":74},"3":{"loc":{"start":{"line":80,"column":8},"end":{"line":99,"column":9}},"type":"if","locations":[{"start":{"line":80,"column":8},"end":{"line":99,"column":9}},{"start":{"line":95,"column":15},"end":{"line":99,"column":9}}],"line":80},"4":{"loc":{"start":{"line":106,"column":4},"end":{"line":108,"column":5}},"type":"if","locations":[{"start":{"line":106,"column":4},"end":{"line":108,"column":5}},{"start":{},"end":{}}],"line":106},"5":{"loc":{"start":{"line":112,"column":33},"end":{"line":112,"column":50}},"type":"default-arg","locations":[{"start":{"line":112,"column":44},"end":{"line":112,"column":50}}],"line":112},"6":{"loc":{"start":{"line":124,"column":8},"end":{"line":124,"column":71}},"type":"if","locations":[{"start":{"line":124,"column":8},"end":{"line":124,"column":71}},{"start":{},"end":{}}],"line":124},"7":{"loc":{"start":{"line":125,"column":8},"end":{"line":127,"column":9}},"type":"if","locations":[{"start":{"line":125,"column":8},"end":{"line":127,"column":9}},{"start":{},"end":{}}],"line":125},"8":{"loc":{"start":{"line":128,"column":8},"end":{"line":130,"column":9}},"type":"if","locations":[{"start":{"line":128,"column":8},"end":{"line":130,"column":9}},{"start":{},"end":{}}],"line":128},"9":{"loc":{"start":{"line":131,"column":8},"end":{"line":131,"column":67}},"type":"if","locations":[{"start":{"line":131,"column":8},"end":{"line":131,"column":67}},{"start":{},"end":{}}],"line":131},"10":{"loc":{"start":{"line":147,"column":8},"end":{"line":147,"column":67}},"type":"if","locations":[{"start":{"line":147,"column":8},"end":{"line":147,"column":67}},{"start":{},"end":{}}],"line":147},"11":{"loc":{"start":{"line":148,"column":8},"end":{"line":148,"column":36}},"type":"if","locations":[{"start":{"line":148,"column":8},"end":{"line":148,"column":36}},{"start":{},"end":{}}],"line":148},"12":{"loc":{"start":{"line":170,"column":6},"end":{"line":173,"column":7}},"type":"if","locations":[{"start":{"line":170,"column":6},"end":{"line":173,"column":7}},{"start":{},"end":{}}],"line":170},"13":{"loc":{"start":{"line":178,"column":10},"end":{"line":186,"column":11}},"type":"if","locations":[{"start":{"line":178,"column":10},"end":{"line":186,"column":11}},{"start":{"line":182,"column":17},"end":{"line":186,"column":11}}],"line":178},"14":{"loc":{"start":{"line":199,"column":4},"end":{"line":199,"column":76}},"type":"if","locations":[{"start":{"line":199,"column":4},"end":{"line":199,"column":76}},{"start":{},"end":{}}],"line":199},"15":{"loc":{"start":{"line":200,"column":4},"end":{"line":200,"column":35}},"type":"if","locations":[{"start":{"line":200,"column":4},"end":{"line":200,"column":35}},{"start":{},"end":{}}],"line":200},"16":{"loc":{"start":{"line":201,"column":4},"end":{"line":201,"column":84}},"type":"if","locations":[{"start":{"line":201,"column":4},"end":{"line":201,"column":84}},{"start":{},"end":{}}],"line":201},"17":{"loc":{"start":{"line":219,"column":21},"end":{"line":219,"column":40}},"type":"binary-expr","locations":[{"start":{"line":219,"column":21},"end":{"line":219,"column":29}},{"start":{"line":219,"column":33},"end":{"line":219,"column":40}}],"line":219},"18":{"loc":{"start":{"line":220,"column":8},"end":{"line":220,"column":43}},"type":"if","locations":[{"start":{"line":220,"column":8},"end":{"line":220,"column":43}},{"start":{},"end":{}}],"line":220},"19":{"loc":{"start":{"line":238,"column":35},"end":{"line":238,"column":108}},"type":"cond-expr","locations":[{"start":{"line":238,"column":50},"end":{"line":238,"column":84}},{"start":{"line":238,"column":87},"end":{"line":238,"column":108}}],"line":238},"20":{"loc":{"start":{"line":238,"column":211},"end":{"line":238,"column":242}},"type":"binary-expr","locations":[{"start":{"line":238,"column":211},"end":{"line":238,"column":226}},{"start":{"line":238,"column":230},"end":{"line":238,"column":242}}],"line":238},"21":{"loc":{"start":{"line":239,"column":70},"end":{"line":239,"column":161}},"type":"cond-expr","locations":[{"start":{"line":239,"column":88},"end":{"line":239,"column":134}},{"start":{"line":239,"column":137},"end":{"line":239,"column":161}}],"line":239},"22":{"loc":{"start":{"line":239,"column":173},"end":{"line":239,"column":222}},"type":"binary-expr","locations":[{"start":{"line":239,"column":173},"end":{"line":239,"column":188}},{"start":{"line":239,"column":192},"end":{"line":239,"column":206}},{"start":{"line":239,"column":210},"end":{"line":239,"column":222}}],"line":239},"23":{"loc":{"start":{"line":241,"column":14},"end":{"line":241,"column":85}},"type":"binary-expr","locations":[{"start":{"line":241,"column":14},"end":{"line":241,"column":22}},{"start":{"line":241,"column":26},"end":{"line":241,"column":85}}],"line":241},"24":{"loc":{"start":{"line":243,"column":14},"end":{"line":243,"column":391}},"type":"cond-expr","locations":[{"start":{"line":243,"column":41},"end":{"line":243,"column":298}},{"start":{"line":243,"column":305},"end":{"line":243,"column":389}}],"line":243},"25":{"loc":{"start":{"line":243,"column":170},"end":{"line":243,"column":226}},"type":"cond-expr","locations":[{"start":{"line":243,"column":188},"end":{"line":243,"column":197}},{"start":{"line":243,"column":200},"end":{"line":243,"column":226}}],"line":243},"26":{"loc":{"start":{"line":255,"column":13},"end":{"line":255,"column":117}},"type":"binary-expr","locations":[{"start":{"line":255,"column":13},"end":{"line":255,"column":28}},{"start":{"line":255,"column":32},"end":{"line":255,"column":51}},{"start":{"line":255,"column":55},"end":{"line":255,"column":117}}],"line":255},"27":{"loc":{"start":{"line":256,"column":13},"end":{"line":256,"column":133}},"type":"binary-expr","locations":[{"start":{"line":256,"column":13},"end":{"line":256,"column":31}},{"start":{"line":256,"column":35},"end":{"line":256,"column":133}}],"line":256},"28":{"loc":{"start":{"line":257,"column":13},"end":{"line":257,"column":104}},"type":"binary-expr","locations":[{"start":{"line":257,"column":13},"end":{"line":257,"column":28}},{"start":{"line":257,"column":32},"end":{"line":257,"column":51}},{"start":{"line":257,"column":55},"end":{"line":257,"column":104}}],"line":257},"29":{"loc":{"start":{"line":258,"column":13},"end":{"line":260,"column":13}},"type":"binary-expr","locations":[{"start":{"line":258,"column":13},"end":{"line":258,"column":32}},{"start":{"line":258,"column":36},"end":{"line":258,"column":52}},{"start":{"line":258,"column":56},"end":{"line":258,"column":80}},{"start":{"line":259,"column":16},"end":{"line":259,"column":152}}],"line":258},"30":{"loc":{"start":{"line":262,"column":14},"end":{"line":289,"column":13}},"type":"binary-expr","locations":[{"start":{"line":262,"column":14},"end":{"line":262,"column":33}},{"start":{"line":262,"column":37},"end":{"line":262,"column":53}},{"start":{"line":262,"column":57},"end":{"line":262,"column":79}},{"start":{"line":263,"column":16},"end":{"line":288,"column":24}}],"line":262},"31":{"loc":{"start":{"line":266,"column":123},"end":{"line":266,"column":307}},"type":"cond-expr","locations":[{"start":{"line":266,"column":141},"end":{"line":266,"column":158}},{"start":{"line":266,"column":161},"end":{"line":266,"column":307}}],"line":266},"32":{"loc":{"start":{"line":266,"column":161},"end":{"line":266,"column":307}},"type":"cond-expr","locations":[{"start":{"line":266,"column":183},"end":{"line":266,"column":204}},{"start":{"line":266,"column":207},"end":{"line":266,"column":307}}],"line":266},"33":{"loc":{"start":{"line":266,"column":207},"end":{"line":266,"column":307}},"type":"cond-expr","locations":[{"start":{"line":266,"column":228},"end":{"line":266,"column":238}},{"start":{"line":266,"column":241},"end":{"line":266,"column":307}}],"line":266},"34":{"loc":{"start":{"line":266,"column":241},"end":{"line":266,"column":307}},"type":"cond-expr","locations":[{"start":{"line":266,"column":264},"end":{"line":266,"column":286}},{"start":{"line":266,"column":289},"end":{"line":266,"column":307}}],"line":266},"35":{"loc":{"start":{"line":272,"column":77},"end":{"line":272,"column":95}},"type":"binary-expr","locations":[{"start":{"line":272,"column":77},"end":{"line":272,"column":86}},{"start":{"line":272,"column":90},"end":{"line":272,"column":95}}],"line":272},"36":{"loc":{"start":{"line":273,"column":88},"end":{"line":273,"column":113}},"type":"binary-expr","locations":[{"start":{"line":273,"column":88},"end":{"line":273,"column":104}},{"start":{"line":273,"column":108},"end":{"line":273,"column":113}}],"line":273},"37":{"loc":{"start":{"line":274,"column":131},"end":{"line":274,"column":192}},"type":"cond-expr","locations":[{"start":{"line":274,"column":147},"end":{"line":274,"column":156}},{"start":{"line":274,"column":159},"end":{"line":274,"column":192}}],"line":274},"38":{"loc":{"start":{"line":281,"column":33},"end":{"line":281,"column":149}},"type":"binary-expr","locations":[{"start":{"line":281,"column":33},"end":{"line":281,"column":48}},{"start":{"line":281,"column":52},"end":{"line":281,"column":149}}],"line":281},"39":{"loc":{"start":{"line":282,"column":33},"end":{"line":282,"column":185}},"type":"binary-expr","locations":[{"start":{"line":282,"column":33},"end":{"line":282,"column":41}},{"start":{"line":282,"column":45},"end":{"line":282,"column":185}}],"line":282}},"s":{"0":1,"1":1,"2":0,"3":0,"4":0,"5":0,"6":0,"7":0,"8":1,"9":2,"10":1,"11":10,"12":10,"13":10,"14":10,"15":10,"16":10,"17":10,"18":10,"19":10,"20":10,"21":10,"22":10,"23":10,"24":10,"25":10,"26":3,"27":10,"28":3,"29":3,"30":3,"31":3,"32":3,"33":3,"34":3,"35":3,"36":0,"37":3,"38":3,"39":0,"40":0,"41":0,"42":0,"43":0,"44":0,"45":3,"46":3,"47":10,"48":0,"49":0,"50":0,"51":10,"52":1,"53":1,"54":1,"55":10,"56":1,"57":1,"58":1,"59":0,"60":0,"61":1,"62":3,"63":0,"64":0,"65":0,"66":1,"67":0,"68":0,"69":0,"70":1,"71":0,"72":0,"73":1,"74":1,"75":1,"76":1,"77":1,"78":1,"79":0,"80":0,"81":0,"82":1,"83":10,"84":0,"85":0,"86":0,"87":0,"88":0,"89":0,"90":0,"91":0,"92":0,"93":0,"94":0,"95":0,"96":0,"97":0,"98":0,"99":10,"100":1,"101":1,"102":10,"103":0,"104":0,"105":10,"106":0,"107":10,"108":0,"109":0,"110":0,"111":0,"112":0,"113":0,"114":0,"115":0,"116":0,"117":0,"118":0,"119":0,"120":0,"121":0,"122":0,"123":0,"124":0,"125":0,"126":0,"127":10,"128":0,"129":0,"130":0,"131":0,"132":0,"133":0,"134":0,"135":0,"136":0,"137":0,"138":0,"139":0,"140":0,"141":0,"142":0,"143":10,"144":0,"145":0,"146":0,"147":0,"148":0,"149":10,"150":10,"151":1,"152":1,"153":1,"154":30,"155":0,"156":0,"157":0,"158":0,"159":0},"f":{"0":0,"1":2,"2":10,"3":3,"4":3,"5":0,"6":3,"7":0,"8":0,"9":3,"10":0,"11":1,"12":1,"13":3,"14":0,"15":1,"16":0,"17":0,"18":0,"19":0,"20":0,"21":1,"22":1,"23":30,"24":0,"25":0,"26":0,"27":0,"28":0},"b":{"0":[0,0],"1":[10,0],"2":[3,0],"3":[3,0],"4":[0,0],"5":[0],"6":[0,1],"7":[0,1],"8":[0,1],"9":[0,1],"10":[0,0],"11":[0,0],"12":[0,0],"13":[0,0],"14":[0,0],"15":[0,0],"16":[0,0],"17":[0,0],"18":[0,0],"19":[0,10],"20":[10,9],"21":[1,9],"22":[10,9,1],"23":[10,0],"24":[10,0],"25":[3,27],"26":[10,0,0],"27":[10,3],"28":[10,0,0],"29":[10,7,7,7],"30":[10,7,7,0],"31":[0,0],"32":[0,0],"33":[0,0],"34":[0,0],"35":[0,0],"36":[0,0],"37":[0,0],"38":[0,0],"39":[0,0]},"_coverageSchema":"1a1c01bbd47fc00a2c39e90264f33305004495a9","hash":"b4472a75eaf772c435fcbd818bb4ac9a1fb6d5c3"}
,"C:\\Users\\gowth\\OneDrive\\Desktop\\CC\\Campus-Connect\\frontend\\src\\components\\profile\\ProfileHeader.jsx": {"path":"C:\\Users\\gowth\\OneDrive\\Desktop\\CC\\Campus-Connect\\frontend\\src\\components\\profile\\ProfileHeader.jsx","statementMap":{"0":{"start":{"line":8,"column":22},"end":{"line":142,"column":1}},"1":{"start":{"line":17,"column":38},"end":{"line":17,"column":53}},"2":{"start":{"line":18,"column":38},"end":{"line":18,"column":53}},"3":{"start":{"line":20,"column":22},"end":{"line":24,"column":3}},"4":{"start":{"line":21,"column":4},"end":{"line":21,"column":35}},"5":{"start":{"line":21,"column":24},"end":{"line":21,"column":35}},"6":{"start":{"line":22,"column":18},"end":{"line":22,"column":42}},"7":{"start":{"line":23,"column":4},"end":{"line":23,"column":71}},"8":{"start":{"line":23,"column":28},"end":{"line":23,"column":53}},"9":{"start":{"line":26,"column":19},"end":{"line":26,"column":32}},"10":{"start":{"line":28,"column":32},"end":{"line":28,"column":57}},"11":{"start":{"line":28,"column":38},"end":{"line":28,"column":57}},"12":{"start":{"line":29,"column":32},"end":{"line":29,"column":58}},"13":{"start":{"line":29,"column":38},"end":{"line":29,"column":58}},"14":{"start":{"line":30,"column":32},"end":{"line":30,"column":57}},"15":{"start":{"line":30,"column":38},"end":{"line":30,"column":57}},"16":{"start":{"line":31,"column":32},"end":{"line":31,"column":58}},"17":{"start":{"line":31,"column":38},"end":{"line":31,"column":58}},"18":{"start":{"line":33,"column":27},"end":{"line":36,"column":3}},"19":{"start":{"line":34,"column":4},"end":{"line":35,"column":27}},"20":{"start":{"line":34,"column":21},"end":{"line":34,"column":35}},"21":{"start":{"line":35,"column":11},"end":{"line":35,"column":25}},"22":{"start":{"line":38,"column":27},"end":{"line":41,"column":3}},"23":{"start":{"line":39,"column":4},"end":{"line":40,"column":27}},"24":{"start":{"line":39,"column":21},"end":{"line":39,"column":35}},"25":{"start":{"line":40,"column":11},"end":{"line":40,"column":25}},"26":{"start":{"line":43,"column":37},"end":{"line":43,"column":83}},"27":{"start":{"line":43,"column":46},"end":{"line":43,"column":66}},"28":{"start":{"line":43,"column":67},"end":{"line":43,"column":81}},"29":{"start":{"line":44,"column":37},"end":{"line":44,"column":83}},"30":{"start":{"line":44,"column":46},"end":{"line":44,"column":66}},"31":{"start":{"line":44,"column":67},"end":{"line":44,"column":81}},"32":{"start":{"line":46,"column":2},"end":{"line":141,"column":4}}},"fnMap":{"0":{"name":"(anonymous_0)","decl":{"start":{"line":8,"column":22},"end":{"line":8,"column":23}},"loc":{"start":{"line":16,"column":6},"end":{"line":142,"column":1}},"line":16},"1":{"name":"(anonymous_1)","decl":{"start":{"line":20,"column":22},"end":{"line":20,"column":23}},"loc":{"start":{"line":20,"column":28},"end":{"line":24,"column":3}},"line":20},"2":{"name":"(anonymous_2)","decl":{"start":{"line":23,"column":21},"end":{"line":23,"column":22}},"loc":{"start":{"line":23,"column":28},"end":{"line":23,"column":53}},"line":23},"3":{"name":"(anonymous_3)","decl":{"start":{"line":28,"column":32},"end":{"line":28,"column":33}},"loc":{"start":{"line":28,"column":38},"end":{"line":28,"column":57}},"line":28},"4":{"name":"(anonymous_4)","decl":{"start":{"line":29,"column":32},"end":{"line":29,"column":33}},"loc":{"start":{"line":29,"column":38},"end":{"line":29,"column":58}},"line":29},"5":{"name":"(anonymous_5)","decl":{"start":{"line":30,"column":32},"end":{"line":30,"column":33}},"loc":{"start":{"line":30,"column":38},"end":{"line":30,"column":57}},"line":30},"6":{"name":"(anonymous_6)","decl":{"start":{"line":31,"column":32},"end":{"line":31,"column":33}},"loc":{"start":{"line":31,"column":38},"end":{"line":31,"column":58}},"line":31},"7":{"name":"(anonymous_7)","decl":{"start":{"line":33,"column":27},"end":{"line":33,"column":28}},"loc":{"start":{"line":33,"column":33},"end":{"line":36,"column":3}},"line":33},"8":{"name":"(anonymous_8)","decl":{"start":{"line":38,"column":27},"end":{"line":38,"column":28}},"loc":{"start":{"line":38,"column":33},"end":{"line":41,"column":3}},"line":38},"9":{"name":"(anonymous_9)","decl":{"start":{"line":43,"column":37},"end":{"line":43,"column":38}},"loc":{"start":{"line":43,"column":44},"end":{"line":43,"column":83}},"line":43},"10":{"name":"(anonymous_10)","decl":{"start":{"line":44,"column":37},"end":{"line":44,"column":38}},"loc":{"start":{"line":44,"column":44},"end":{"line":44,"column":83}},"line":44}},"branchMap":{"0":{"loc":{"start":{"line":21,"column":4},"end":{"line":21,"column":35}},"type":"if","locations":[{"start":{"line":21,"column":4},"end":{"line":21,"column":35}},{"start":{},"end":{}}],"line":21},"1":{"loc":{"start":{"line":23,"column":11},"end":{"line":23,"column":70}},"type":"binary-expr","locations":[{"start":{"line":23,"column":11},"end":{"line":23,"column":63}},{"start":{"line":23,"column":67},"end":{"line":23,"column":70}}],"line":23},"2":{"loc":{"start":{"line":23,"column":28},"end":{"line":23,"column":53}},"type":"binary-expr","locations":[{"start":{"line":23,"column":28},"end":{"line":23,"column":47}},{"start":{"line":23,"column":51},"end":{"line":23,"column":53}}],"line":23},"3":{"loc":{"start":{"line":34,"column":4},"end":{"line":35,"column":27}},"type":"if","locations":[{"start":{"line":34,"column":4},"end":{"line":35,"column":27}},{"start":{"line":35,"column":9},"end":{"line":35,"column":27}}],"line":34},"4":{"loc":{"start":{"line":39,"column":4},"end":{"line":40,"column":27}},"type":"if","locations":[{"start":{"line":39,"column":4},"end":{"line":40,"column":27}},{"start":{"line":40,"column":9},"end":{"line":40,"column":27}}],"line":39},"5":{"loc":{"start":{"line":54,"column":25},"end":{"line":54,"column":67}},"type":"cond-expr","locations":[{"start":{"line":54,"column":37},"end":{"line":54,"column":58}},{"start":{"line":54,"column":61},"end":{"line":54,"column":67}}],"line":54},"6":{"loc":{"start":{"line":56,"column":17},"end":{"line":56,"column":61}},"type":"cond-expr","locations":[{"start":{"line":56,"column":29},"end":{"line":56,"column":42}},{"start":{"line":56,"column":45},"end":{"line":56,"column":61}}],"line":56},"7":{"loc":{"start":{"line":75,"column":19},"end":{"line":75,"column":37}},"type":"cond-expr","locations":[{"start":{"line":75,"column":32},"end":{"line":75,"column":33}},{"start":{"line":75,"column":36},"end":{"line":75,"column":37}}],"line":75},"8":{"loc":{"start":{"line":111,"column":15},"end":{"line":111,"column":30}},"type":"binary-expr","locations":[{"start":{"line":111,"column":15},"end":{"line":111,"column":24}},{"start":{"line":111,"column":28},"end":{"line":111,"column":30}}],"line":111},"9":{"loc":{"start":{"line":112,"column":15},"end":{"line":112,"column":38}},"type":"binary-expr","locations":[{"start":{"line":112,"column":15},"end":{"line":112,"column":28}},{"start":{"line":112,"column":32},"end":{"line":112,"column":38}}],"line":112},"10":{"loc":{"start":{"line":121,"column":11},"end":{"line":121,"column":33}},"type":"binary-expr","locations":[{"start":{"line":121,"column":11},"end":{"line":121,"column":21}},{"start":{"line":121,"column":25},"end":{"line":121,"column":33}}],"line":121},"11":{"loc":{"start":{"line":130,"column":21},"end":{"line":130,"column":39}},"type":"cond-expr","locations":[{"start":{"line":130,"column":34},"end":{"line":130,"column":35}},{"start":{"line":130,"column":38},"end":{"line":130,"column":39}}],"line":130}},"s":{"0":1,"1":1,"2":1,"3":1,"4":1,"5":0,"6":1,"7":1,"8":2,"9":1,"10":1,"11":0,"12":1,"13":0,"14":1,"15":0,"16":1,"17":0,"18":1,"19":1,"20":0,"21":1,"22":1,"23":1,"24":0,"25":1,"26":1,"27":0,"28":0,"29":1,"30":0,"31":0,"32":1},"f":{"0":1,"1":1,"2":2,"3":0,"4":0,"5":0,"6":0,"7":1,"8":1,"9":0,"10":0},"b":{"0":[0,1],"1":[1,0],"2":[2,0],"3":[0,1],"4":[0,1],"5":[0,1],"6":[0,1],"7":[0,1],"8":[1,1],"9":[1,0],"10":[1,1],"11":[0,1]},"_coverageSchema":"1a1c01bbd47fc00a2c39e90264f33305004495a9","hash":"abff7836754f522855efde575de47f118202857d"}
,"C:\\Users\\gowth\\OneDrive\\Desktop\\CC\\Campus-Connect\\frontend\\src\\components\\profile\\ProfileInfoSection.jsx": {"path":"C:\\Users\\gowth\\OneDrive\\Desktop\\CC\\Campus-Connect\\frontend\\src\\components\\profile\\ProfileInfoSection.jsx","statementMap":{"0":{"start":{"line":10,"column":27},"end":{"line":103,"column":1}},"1":{"start":{"line":22,"column":21},"end":{"line":22,"column":52}},"2":{"start":{"line":24,"column":2},"end":{"line":102,"column":4}}},"fnMap":{"0":{"name":"(anonymous_0)","decl":{"start":{"line":10,"column":27},"end":{"line":10,"column":28}},"loc":{"start":{"line":20,"column":6},"end":{"line":103,"column":1}},"line":20}},"branchMap":{"0":{"loc":{"start":{"line":22,"column":21},"end":{"line":22,"column":52}},"type":"binary-expr","locations":[{"start":{"line":22,"column":21},"end":{"line":22,"column":46}},{"start":{"line":22,"column":50},"end":{"line":22,"column":52}}],"line":22},"1":{"loc":{"start":{"line":54,"column":32},"end":{"line":54,"column":70}},"type":"binary-expr","locations":[{"start":{"line":54,"column":32},"end":{"line":54,"column":55}},{"start":{"line":54,"column":59},"end":{"line":54,"column":70}}],"line":54},"2":{"loc":{"start":{"line":67,"column":34},"end":{"line":67,"column":74}},"type":"binary-expr","locations":[{"start":{"line":67,"column":34},"end":{"line":67,"column":59}},{"start":{"line":67,"column":63},"end":{"line":67,"column":74}}],"line":67}},"s":{"0":1,"1":3,"2":3},"f":{"0":3},"b":{"0":[3,1],"1":[3,1],"2":[3,1]},"_coverageSchema":"1a1c01bbd47fc00a2c39e90264f33305004495a9","hash":"1d36c747aa72b78d49d61c39bb9084b4b6db3b23"}
,"C:\\Users\\gowth\\OneDrive\\Desktop\\CC\\Campus-Connect\\frontend\\src\\components\\profile\\StudentCoursesEnrolled.jsx": {"path":"C:\\Users\\gowth\\OneDrive\\Desktop\\CC\\Campus-Connect\\frontend\\src\\components\\profile\\StudentCoursesEnrolled.jsx","statementMap":{"0":{"start":{"line":20,"column":31},"end":{"line":316,"column":1}},"1":{"start":{"line":22,"column":48},"end":{"line":22,"column":60}},"2":{"start":{"line":23,"column":32},"end":{"line":23,"column":46}},"3":{"start":{"line":25,"column":40},"end":{"line":33,"column":4}},"4":{"start":{"line":34,"column":26},"end":{"line":34,"column":40}},"5":{"start":{"line":35,"column":42},"end":{"line":35,"column":57}},"6":{"start":{"line":36,"column":48},"end":{"line":36,"column":62}},"7":{"start":{"line":37,"column":36},"end":{"line":37,"column":48}},"8":{"start":{"line":40,"column":2},"end":{"line":45,"column":9}},"9":{"start":{"line":41,"column":24},"end":{"line":43,"column":6}},"10":{"start":{"line":42,"column":6},"end":{"line":42,"column":27}},"11":{"start":{"line":44,"column":4},"end":{"line":44,"column":31}},"12":{"start":{"line":44,"column":17},"end":{"line":44,"column":30}},"13":{"start":{"line":48,"column":2},"end":{"line":79,"column":13}},"14":{"start":{"line":49,"column":22},"end":{"line":49,"column":30}},"15":{"start":{"line":51,"column":4},"end":{"line":75,"column":5}},"16":{"start":{"line":52,"column":6},"end":{"line":52,"column":23}},"17":{"start":{"line":54,"column":43},"end":{"line":54,"column":95}},"18":{"start":{"line":56,"column":16},"end":{"line":56,"column":80}},"19":{"start":{"line":58,"column":6},"end":{"line":69,"column":9}},"20":{"start":{"line":59,"column":31},"end":{"line":62,"column":11}},"21":{"start":{"line":59,"column":64},"end":{"line":62,"column":9}},"22":{"start":{"line":63,"column":8},"end":{"line":63,"column":43}},"23":{"start":{"line":64,"column":8},"end":{"line":64,"column":26}},"24":{"start":{"line":66,"column":8},"end":{"line":66,"column":69}},"25":{"start":{"line":67,"column":8},"end":{"line":67,"column":26}},"26":{"start":{"line":73,"column":6},"end":{"line":73,"column":29}},"27":{"start":{"line":74,"column":6},"end":{"line":74,"column":24}},"28":{"start":{"line":78,"column":4},"end":{"line":78,"column":31}},"29":{"start":{"line":78,"column":17},"end":{"line":78,"column":30}},"30":{"start":{"line":82,"column":29},"end":{"line":93,"column":3}},"31":{"start":{"line":83,"column":4},"end":{"line":83,"column":22}},"32":{"start":{"line":83,"column":15},"end":{"line":83,"column":22}},"33":{"start":{"line":84,"column":4},"end":{"line":92,"column":5}},"34":{"start":{"line":86,"column":27},"end":{"line":86,"column":85}},"35":{"start":{"line":87,"column":6},"end":{"line":87,"column":36}},"36":{"start":{"line":90,"column":6},"end":{"line":90,"column":60}},"37":{"start":{"line":91,"column":7},"end":{"line":91,"column":41}},"38":{"start":{"line":96,"column":27},"end":{"line":109,"column":3}},"39":{"start":{"line":98,"column":4},"end":{"line":105,"column":7}},"40":{"start":{"line":106,"column":4},"end":{"line":106,"column":34}},"41":{"start":{"line":107,"column":4},"end":{"line":107,"column":25}},"42":{"start":{"line":108,"column":4},"end":{"line":108,"column":21}},"43":{"start":{"line":112,"column":27},"end":{"line":156,"column":3}},"44":{"start":{"line":114,"column":4},"end":{"line":117,"column":5}},"45":{"start":{"line":115,"column":6},"end":{"line":115,"column":66}},"46":{"start":{"line":116,"column":6},"end":{"line":116,"column":13}},"47":{"start":{"line":118,"column":5},"end":{"line":121,"column":5}},"48":{"start":{"line":119,"column":7},"end":{"line":119,"column":45}},"49":{"start":{"line":120,"column":7},"end":{"line":120,"column":14}},"50":{"start":{"line":123,"column":4},"end":{"line":123,"column":21}},"51":{"start":{"line":126,"column":23},"end":{"line":133,"column":5}},"52":{"start":{"line":135,"column":4},"end":{"line":155,"column":5}},"53":{"start":{"line":136,"column":6},"end":{"line":144,"column":7}},"54":{"start":{"line":138,"column":29},"end":{"line":138,"column":91}},"55":{"start":{"line":139,"column":8},"end":{"line":139,"column":50}},"56":{"start":{"line":142,"column":46},"end":{"line":142,"column":98}},"57":{"start":{"line":143,"column":8},"end":{"line":143,"column":63}},"58":{"start":{"line":147,"column":6},"end":{"line":147,"column":111}},"59":{"start":{"line":148,"column":6},"end":{"line":148,"column":31}},"60":{"start":{"line":149,"column":6},"end":{"line":149,"column":28}},"61":{"start":{"line":153,"column":6},"end":{"line":153,"column":58}},"62":{"start":{"line":154,"column":7},"end":{"line":154,"column":64}},"63":{"start":{"line":159,"column":28},"end":{"line":165,"column":3}},"64":{"start":{"line":160,"column":28},"end":{"line":160,"column":36}},"65":{"start":{"line":161,"column":4},"end":{"line":164,"column":8}},"66":{"start":{"line":161,"column":30},"end":{"line":164,"column":5}},"67":{"start":{"line":169,"column":2},"end":{"line":171,"column":3}},"68":{"start":{"line":170,"column":5},"end":{"line":170,"column":101}},"69":{"start":{"line":173,"column":2},"end":{"line":315,"column":4}},"70":{"start":{"line":185,"column":14},"end":{"line":185,"column":108}},"71":{"start":{"line":186,"column":14},"end":{"line":186,"column":39}},"72":{"start":{"line":187,"column":14},"end":{"line":187,"column":35}},"73":{"start":{"line":188,"column":14},"end":{"line":188,"column":31}},"74":{"start":{"line":208,"column":10},"end":{"line":242,"column":17}},"75":{"start":{"line":238,"column":39},"end":{"line":238,"column":63}},"76":{"start":{"line":239,"column":39},"end":{"line":239,"column":68}},"77":{"start":{"line":247,"column":50},"end":{"line":247,"column":71}},"78":{"start":{"line":305,"column":35},"end":{"line":305,"column":57}},"79":{"start":{"line":305,"column":58},"end":{"line":305,"column":75}}},"fnMap":{"0":{"name":"(anonymous_0)","decl":{"start":{"line":20,"column":31},"end":{"line":20,"column":32}},"loc":{"start":{"line":20,"column":52},"end":{"line":316,"column":1}},"line":20},"1":{"name":"(anonymous_1)","decl":{"start":{"line":40,"column":12},"end":{"line":40,"column":13}},"loc":{"start":{"line":40,"column":18},"end":{"line":45,"column":3}},"line":40},"2":{"name":"(anonymous_2)","decl":{"start":{"line":41,"column":49},"end":{"line":41,"column":50}},"loc":{"start":{"line":41,"column":66},"end":{"line":43,"column":5}},"line":41},"3":{"name":"(anonymous_3)","decl":{"start":{"line":44,"column":11},"end":{"line":44,"column":12}},"loc":{"start":{"line":44,"column":17},"end":{"line":44,"column":30}},"line":44},"4":{"name":"(anonymous_4)","decl":{"start":{"line":48,"column":12},"end":{"line":48,"column":13}},"loc":{"start":{"line":48,"column":18},"end":{"line":79,"column":3}},"line":48},"5":{"name":"(anonymous_5)","decl":{"start":{"line":49,"column":22},"end":{"line":49,"column":23}},"loc":{"start":{"line":49,"column":28},"end":{"line":49,"column":30}},"line":49},"6":{"name":"(anonymous_6)","decl":{"start":{"line":58,"column":34},"end":{"line":58,"column":35}},"loc":{"start":{"line":58,"column":53},"end":{"line":65,"column":7}},"line":58},"7":{"name":"(anonymous_7)","decl":{"start":{"line":59,"column":54},"end":{"line":59,"column":55}},"loc":{"start":{"line":59,"column":64},"end":{"line":62,"column":9}},"line":59},"8":{"name":"(anonymous_8)","decl":{"start":{"line":65,"column":9},"end":{"line":65,"column":10}},"loc":{"start":{"line":65,"column":20},"end":{"line":69,"column":7}},"line":65},"9":{"name":"(anonymous_9)","decl":{"start":{"line":78,"column":11},"end":{"line":78,"column":12}},"loc":{"start":{"line":78,"column":17},"end":{"line":78,"column":30}},"line":78},"10":{"name":"(anonymous_10)","decl":{"start":{"line":82,"column":29},"end":{"line":82,"column":30}},"loc":{"start":{"line":82,"column":52},"end":{"line":93,"column":3}},"line":82},"11":{"name":"(anonymous_11)","decl":{"start":{"line":96,"column":27},"end":{"line":96,"column":28}},"loc":{"start":{"line":96,"column":39},"end":{"line":109,"column":3}},"line":96},"12":{"name":"(anonymous_12)","decl":{"start":{"line":112,"column":27},"end":{"line":112,"column":28}},"loc":{"start":{"line":112,"column":39},"end":{"line":156,"column":3}},"line":112},"13":{"name":"(anonymous_13)","decl":{"start":{"line":159,"column":28},"end":{"line":159,"column":29}},"loc":{"start":{"line":159,"column":35},"end":{"line":165,"column":3}},"line":159},"14":{"name":"(anonymous_14)","decl":{"start":{"line":161,"column":19},"end":{"line":161,"column":20}},"loc":{"start":{"line":161,"column":30},"end":{"line":164,"column":5}},"line":161},"15":{"name":"(anonymous_15)","decl":{"start":{"line":183,"column":21},"end":{"line":183,"column":22}},"loc":{"start":{"line":183,"column":27},"end":{"line":189,"column":13}},"line":183},"16":{"name":"(anonymous_16)","decl":{"start":{"line":207,"column":29},"end":{"line":207,"column":30}},"loc":{"start":{"line":208,"column":10},"end":{"line":242,"column":17}},"line":208},"17":{"name":"(anonymous_17)","decl":{"start":{"line":238,"column":33},"end":{"line":238,"column":34}},"loc":{"start":{"line":238,"column":39},"end":{"line":238,"column":63}},"line":238},"18":{"name":"(anonymous_18)","decl":{"start":{"line":239,"column":33},"end":{"line":239,"column":34}},"loc":{"start":{"line":239,"column":39},"end":{"line":239,"column":68}},"line":239},"19":{"name":"(anonymous_19)","decl":{"start":{"line":247,"column":44},"end":{"line":247,"column":45}},"loc":{"start":{"line":247,"column":50},"end":{"line":247,"column":71}},"line":247},"20":{"name":"(anonymous_20)","decl":{"start":{"line":305,"column":27},"end":{"line":305,"column":28}},"loc":{"start":{"line":305,"column":33},"end":{"line":305,"column":77}},"line":305}},"branchMap":{"0":{"loc":{"start":{"line":51,"column":4},"end":{"line":75,"column":5}},"type":"if","locations":[{"start":{"line":51,"column":4},"end":{"line":75,"column":5}},{"start":{"line":71,"column":11},"end":{"line":75,"column":5}}],"line":51},"1":{"loc":{"start":{"line":83,"column":4},"end":{"line":83,"column":22}},"type":"if","locations":[{"start":{"line":83,"column":4},"end":{"line":83,"column":22}},{"start":{},"end":{}}],"line":83},"2":{"loc":{"start":{"line":99,"column":22},"end":{"line":99,"column":49}},"type":"binary-expr","locations":[{"start":{"line":99,"column":22},"end":{"line":99,"column":43}},{"start":{"line":99,"column":47},"end":{"line":99,"column":49}}],"line":99},"3":{"loc":{"start":{"line":100,"column":16},"end":{"line":100,"column":37}},"type":"binary-expr","locations":[{"start":{"line":100,"column":16},"end":{"line":100,"column":31}},{"start":{"line":100,"column":35},"end":{"line":100,"column":37}}],"line":100},"4":{"loc":{"start":{"line":101,"column":22},"end":{"line":101,"column":49}},"type":"binary-expr","locations":[{"start":{"line":101,"column":22},"end":{"line":101,"column":43}},{"start":{"line":101,"column":47},"end":{"line":101,"column":49}}],"line":101},"5":{"loc":{"start":{"line":102,"column":14},"end":{"line":102,"column":42}},"type":"binary-expr","locations":[{"start":{"line":102,"column":14},"end":{"line":102,"column":27}},{"start":{"line":102,"column":31},"end":{"line":102,"column":42}}],"line":102},"6":{"loc":{"start":{"line":103,"column":13},"end":{"line":103,"column":31}},"type":"binary-expr","locations":[{"start":{"line":103,"column":13},"end":{"line":103,"column":25}},{"start":{"line":103,"column":29},"end":{"line":103,"column":31}}],"line":103},"7":{"loc":{"start":{"line":114,"column":4},"end":{"line":117,"column":5}},"type":"if","locations":[{"start":{"line":114,"column":4},"end":{"line":117,"column":5}},{"start":{},"end":{}}],"line":114},"8":{"loc":{"start":{"line":114,"column":8},"end":{"line":114,"column":60}},"type":"binary-expr","locations":[{"start":{"line":114,"column":8},"end":{"line":114,"column":35}},{"start":{"line":114,"column":39},"end":{"line":114,"column":60}}],"line":114},"9":{"loc":{"start":{"line":118,"column":5},"end":{"line":121,"column":5}},"type":"if","locations":[{"start":{"line":118,"column":5},"end":{"line":121,"column":5}},{"start":{},"end":{}}],"line":118},"10":{"loc":{"start":{"line":131,"column":16},"end":{"line":131,"column":39}},"type":"binary-expr","locations":[{"start":{"line":131,"column":16},"end":{"line":131,"column":33}},{"start":{"line":131,"column":37},"end":{"line":131,"column":39}}],"line":131},"11":{"loc":{"start":{"line":136,"column":6},"end":{"line":144,"column":7}},"type":"if","locations":[{"start":{"line":136,"column":6},"end":{"line":144,"column":7}},{"start":{"line":140,"column":13},"end":{"line":144,"column":7}}],"line":136},"12":{"loc":{"start":{"line":169,"column":2},"end":{"line":171,"column":3}},"type":"if","locations":[{"start":{"line":169,"column":2},"end":{"line":171,"column":3}},{"start":{},"end":{}}],"line":169},"13":{"loc":{"start":{"line":200,"column":9},"end":{"line":204,"column":9}},"type":"binary-expr","locations":[{"start":{"line":200,"column":9},"end":{"line":200,"column":37}},{"start":{"line":201,"column":10},"end":{"line":203,"column":23}}],"line":200},"14":{"loc":{"start":{"line":212,"column":25},"end":{"line":212,"column":53}},"type":"binary-expr","locations":[{"start":{"line":212,"column":25},"end":{"line":212,"column":38}},{"start":{"line":212,"column":42},"end":{"line":212,"column":53}}],"line":212},"15":{"loc":{"start":{"line":213,"column":25},"end":{"line":213,"column":73}},"type":"cond-expr","locations":[{"start":{"line":213,"column":55},"end":{"line":213,"column":61}},{"start":{"line":213,"column":64},"end":{"line":213,"column":73}}],"line":213},"16":{"loc":{"start":{"line":218,"column":21},"end":{"line":218,"column":55}},"type":"binary-expr","locations":[{"start":{"line":218,"column":21},"end":{"line":218,"column":42}},{"start":{"line":218,"column":46},"end":{"line":218,"column":55}}],"line":218},"17":{"loc":{"start":{"line":221,"column":29},"end":{"line":221,"column":53}},"type":"binary-expr","locations":[{"start":{"line":221,"column":29},"end":{"line":221,"column":44}},{"start":{"line":221,"column":48},"end":{"line":221,"column":53}}],"line":221},"18":{"loc":{"start":{"line":223,"column":17},"end":{"line":227,"column":17}},"type":"binary-expr","locations":[{"start":{"line":223,"column":17},"end":{"line":223,"column":38}},{"start":{"line":224,"column":19},"end":{"line":226,"column":32}}],"line":223},"19":{"loc":{"start":{"line":229,"column":17},"end":{"line":233,"column":17}},"type":"binary-expr","locations":[{"start":{"line":229,"column":17},"end":{"line":229,"column":29}},{"start":{"line":230,"column":20},"end":{"line":232,"column":33}}],"line":229},"20":{"loc":{"start":{"line":248,"column":22},"end":{"line":248,"column":86}},"type":"cond-expr","locations":[{"start":{"line":248,"column":40},"end":{"line":248,"column":62}},{"start":{"line":248,"column":65},"end":{"line":248,"column":86}}],"line":248},"21":{"loc":{"start":{"line":251,"column":11},"end":{"line":251,"column":82}},"type":"binary-expr","locations":[{"start":{"line":251,"column":11},"end":{"line":251,"column":20}},{"start":{"line":251,"column":24},"end":{"line":251,"column":82}}],"line":251},"22":{"loc":{"start":{"line":310,"column":13},"end":{"line":310,"column":61}},"type":"cond-expr","locations":[{"start":{"line":310,"column":31},"end":{"line":310,"column":46}},{"start":{"line":310,"column":49},"end":{"line":310,"column":61}}],"line":310}},"s":{"0":1,"1":23,"2":23,"3":23,"4":23,"5":23,"6":23,"7":23,"8":23,"9":5,"10":5,"11":5,"12":5,"13":23,"14":10,"15":10,"16":5,"17":5,"18":5,"19":5,"20":5,"21":0,"22":5,"23":5,"24":0,"25":0,"26":5,"27":5,"28":10,"29":10,"30":23,"31":0,"32":0,"33":0,"34":0,"35":0,"36":0,"37":0,"38":23,"39":0,"40":0,"41":0,"42":0,"43":23,"44":2,"45":1,"46":1,"47":1,"48":0,"49":0,"50":1,"51":1,"52":1,"53":1,"54":0,"55":0,"56":1,"57":1,"58":1,"59":1,"60":1,"61":0,"62":0,"63":23,"64":2,"65":2,"66":2,"67":23,"68":5,"69":18,"70":3,"71":3,"72":3,"73":3,"74":0,"75":0,"76":0,"77":0,"78":0,"79":0},"f":{"0":23,"1":5,"2":5,"3":5,"4":10,"5":5,"6":5,"7":0,"8":0,"9":10,"10":0,"11":0,"12":2,"13":2,"14":2,"15":3,"16":0,"17":0,"18":0,"19":0,"20":0},"b":{"0":[5,5],"1":[0,0],"2":[0,0],"3":[0,0],"4":[0,0],"5":[0,0],"6":[0,0],"7":[1,1],"8":[2,1],"9":[0,1],"10":[1,1],"11":[0,1],"12":[5,18],"13":[18,18],"14":[0,0],"15":[0,0],"16":[0,0],"17":[0,0],"18":[0,0],"19":[0,0],"20":[0,18],"21":[18,1],"22":[0,18]},"_coverageSchema":"1a1c01bbd47fc00a2c39e90264f33305004495a9","hash":"a6b159f476fb97a293c73211c95989577d45a946"}
,"C:\\Users\\gowth\\OneDrive\\Desktop\\CC\\Campus-Connect\\frontend\\src\\components\\profile\\StudentExperienceResearch.jsx": {"path":"C:\\Users\\gowth\\OneDrive\\Desktop\\CC\\Campus-Connect\\frontend\\src\\components\\profile\\StudentExperienceResearch.jsx","statementMap":{"0":{"start":{"line":16,"column":18},"end":{"line":16,"column":20}},"1":{"start":{"line":21,"column":29},"end":{"line":30,"column":1}},"2":{"start":{"line":22,"column":2},"end":{"line":22,"column":39}},"3":{"start":{"line":22,"column":26},"end":{"line":22,"column":39}},"4":{"start":{"line":23,"column":2},"end":{"line":29,"column":3}},"5":{"start":{"line":26,"column":6},"end":{"line":26,"column":98}},"6":{"start":{"line":28,"column":6},"end":{"line":28,"column":28}},"7":{"start":{"line":34,"column":14},"end":{"line":36,"column":2}},"8":{"start":{"line":35,"column":2},"end":{"line":35,"column":74}},"9":{"start":{"line":40,"column":34},"end":{"line":367,"column":1}},"10":{"start":{"line":42,"column":30},"end":{"line":42,"column":42}},"11":{"start":{"line":43,"column":40},"end":{"line":43,"column":83}},"12":{"start":{"line":44,"column":48},"end":{"line":44,"column":63}},"13":{"start":{"line":45,"column":34},"end":{"line":45,"column":46}},"14":{"start":{"line":48,"column":40},"end":{"line":48,"column":52}},"15":{"start":{"line":49,"column":54},"end":{"line":49,"column":68}},"16":{"start":{"line":50,"column":48},"end":{"line":50,"column":62}},"17":{"start":{"line":53,"column":60},"end":{"line":53,"column":75}},"18":{"start":{"line":54,"column":60},"end":{"line":54,"column":74}},"19":{"start":{"line":55,"column":54},"end":{"line":55,"column":69}},"20":{"start":{"line":59,"column":42},"end":{"line":59,"column":57}},"21":{"start":{"line":60,"column":48},"end":{"line":60,"column":60}},"22":{"start":{"line":61,"column":50},"end":{"line":61,"column":66}},"23":{"start":{"line":64,"column":17},"end":{"line":64,"column":38}},"24":{"start":{"line":67,"column":2},"end":{"line":69,"column":36}},"25":{"start":{"line":68,"column":4},"end":{"line":68,"column":54}},"26":{"start":{"line":73,"column":2},"end":{"line":104,"column":15}},"27":{"start":{"line":74,"column":22},"end":{"line":74,"column":30}},"28":{"start":{"line":77,"column":4},"end":{"line":101,"column":5}},"29":{"start":{"line":78,"column":6},"end":{"line":78,"column":34}},"30":{"start":{"line":79,"column":6},"end":{"line":79,"column":31}},"31":{"start":{"line":80,"column":39},"end":{"line":80,"column":85}},"32":{"start":{"line":81,"column":16},"end":{"line":81,"column":77}},"33":{"start":{"line":83,"column":6},"end":{"line":94,"column":9}},"34":{"start":{"line":84,"column":35},"end":{"line":87,"column":11}},"35":{"start":{"line":84,"column":66},"end":{"line":87,"column":9}},"36":{"start":{"line":88,"column":8},"end":{"line":88,"column":43}},"37":{"start":{"line":89,"column":8},"end":{"line":89,"column":37}},"38":{"start":{"line":91,"column":8},"end":{"line":91,"column":64}},"39":{"start":{"line":92,"column":8},"end":{"line":92,"column":58}},"40":{"start":{"line":93,"column":8},"end":{"line":93,"column":37}},"41":{"start":{"line":97,"column":6},"end":{"line":97,"column":25}},"42":{"start":{"line":98,"column":6},"end":{"line":98,"column":35}},"43":{"start":{"line":103,"column":4},"end":{"line":103,"column":31}},"44":{"start":{"line":103,"column":17},"end":{"line":103,"column":30}},"45":{"start":{"line":108,"column":30},"end":{"line":113,"column":3}},"46":{"start":{"line":109,"column":4},"end":{"line":111,"column":5}},"47":{"start":{"line":110,"column":8},"end":{"line":110,"column":15}},"48":{"start":{"line":112,"column":4},"end":{"line":112,"column":27}},"49":{"start":{"line":115,"column":23},"end":{"line":119,"column":3}},"50":{"start":{"line":116,"column":4},"end":{"line":116,"column":32}},"51":{"start":{"line":117,"column":4},"end":{"line":117,"column":34}},"52":{"start":{"line":118,"column":4},"end":{"line":118,"column":26}},"53":{"start":{"line":124,"column":23},"end":{"line":151,"column":3}},"54":{"start":{"line":125,"column":21},"end":{"line":125,"column":34}},"55":{"start":{"line":126,"column":4},"end":{"line":126,"column":20}},"56":{"start":{"line":127,"column":4},"end":{"line":127,"column":67}},"57":{"start":{"line":127,"column":21},"end":{"line":127,"column":57}},"58":{"start":{"line":127,"column":58},"end":{"line":127,"column":65}},"59":{"start":{"line":128,"column":4},"end":{"line":130,"column":5}},"60":{"start":{"line":128,"column":32},"end":{"line":128,"column":76}},"61":{"start":{"line":129,"column":6},"end":{"line":129,"column":55}},"62":{"start":{"line":129,"column":56},"end":{"line":129,"column":70}},"63":{"start":{"line":129,"column":71},"end":{"line":129,"column":78}},"64":{"start":{"line":131,"column":4},"end":{"line":133,"column":5}},"65":{"start":{"line":132,"column":6},"end":{"line":132,"column":78}},"66":{"start":{"line":132,"column":79},"end":{"line":132,"column":93}},"67":{"start":{"line":132,"column":94},"end":{"line":132,"column":101}},"68":{"start":{"line":135,"column":4},"end":{"line":135,"column":73}},"69":{"start":{"line":135,"column"
[...]
":12},"end":{"line":215,"column":55}},"119":{"start":{"line":217,"column":8},"end":{"line":217,"column":37}},"120":{"start":{"line":218,"column":8},"end":{"line":218,"column":41}},"121":{"start":{"line":220,"column":8},"end":{"line":220,"column":55}},"122":{"start":{"line":221,"column":8},"end":{"line":221,"column":75}},"123":{"start":{"line":222,"column":8},"end":{"line":222,"column":18}},"124":{"start":{"line":224,"column":8},"end":{"line":224,"column":37}},"125":{"start":{"line":229,"column":33},"end":{"line":255,"column":3}},"126":{"start":{"line":231,"column":4},"end":{"line":234,"column":5}},"127":{"start":{"line":232,"column":8},"end":{"line":232,"column":70}},"128":{"start":{"line":233,"column":8},"end":{"line":233,"column":15}},"129":{"start":{"line":235,"column":4},"end":{"line":235,"column":35}},"130":{"start":{"line":235,"column":28},"end":{"line":235,"column":35}},"131":{"start":{"line":237,"column":4},"end":{"line":239,"column":5}},"132":{"start":{"line":238,"column":8},"end":{"line":238,"column":15}},"133":{"start":{"line":241,"column":4},"end":{"line":241,"column":32}},"134":{"start":{"line":244,"column":4},"end":{"line":254,"column":5}},"135":{"start":{"line":245,"column":33},"end":{"line":245,"column":86}},"136":{"start":{"line":246,"column":8},"end":{"line":246,"column":42}},"137":{"start":{"line":247,"column":8},"end":{"line":247,"column":70}},"138":{"start":{"line":248,"column":8},"end":{"line":248,"column":68}},"139":{"start":{"line":250,"column":8},"end":{"line":250,"column":57}},"140":{"start":{"line":251,"column":8},"end":{"line":251,"column":77}},"141":{"start":{"line":253,"column":8},"end":{"line":253,"column":37}},"142":{"start":{"line":260,"column":29},"end":{"line":265,"column":8}},"143":{"start":{"line":261,"column":17},"end":{"line":261,"column":36}},"144":{"start":{"line":262,"column":4},"end":{"line":262,"column":39}},"145":{"start":{"line":262,"column":22},"end":{"line":262,"column":37}},"146":{"start":{"line":263,"column":4},"end":{"line":263,"column":24}},"147":{"start":{"line":264,"column":4},"end":{"line":264,"column":15}},"148":{"start":{"line":269,"column":23},"end":{"line":269,"column":54}},"149":{"start":{"line":271,"column":2},"end":{"line":366,"column":4}},"150":{"start":{"line":277,"column":48},"end":{"line":277,"column":67}},"151":{"start":{"line":277,"column":68},"end":{"line":277,"column":83}},"152":{"start":{"line":278,"column":162},"end":{"line":278,"column":187}},"153":{"start":{"line":283,"column":126},"end":{"line":283,"column":279}},"154":{"start":{"line":283,"column":200},"end":{"line":283,"column":220}},"155":{"start":{"line":304,"column":14},"end":{"line":341,"column":20}},"156":{"start":{"line":315,"column":20},"end":{"line":338,"column":28}},"157":{"start":{"line":328,"column":72},"end":{"line":328,"column":106}},"158":{"start":{"line":331,"column":72},"end":{"line":331,"column":102}}},"fnMap":{"0":{"name":"(anonymous_0)","decl":{"start":{"line":21,"column":29},"end":{"line":21,"column":30}},"loc":{"start":{"line":21,"column":44},"end":{"line":30,"column":1}},"line":21},"1":{"name":"Alert","decl":{"start":{"line":34,"column":40},"end":{"line":34,"column":45}},"loc":{"start":{"line":34,"column":58},"end":{"line":36,"column":1}},"line":34},"2":{"name":"(anonymous_2)","decl":{"start":{"line":40,"column":34},"end":{"line":40,"column":35}},"loc":{"start":{"line":40,"column":55},"end":{"line":367,"column":1}},"line":40},"3":{"name":"(anonymous_3)","decl":{"start":{"line":67,"column":12},"end":{"line":67,"column":13}},"loc":{"start":{"line":67,"column":18},"end":{"line":69,"column":3}},"line":67},"4":{"name":"(anonymous_4)","decl":{"start":{"line":73,"column":12},"end":{"line":73,"column":13}},"loc":{"start":{"line":73,"column":18},"end":{"line":104,"column":3}},"line":73},"5":{"name":"(anonymous_5)","decl":{"start":{"line":74,"column":22},"end":{"line":74,"column":23}},"loc":{"start":{"line":74,"column":28},"end":{"line":74,"column":30}},"line":74},"6":{"name":"(anonymous_6)","decl":{"start":{"line":83,"column":34},"end":{"line":83,"column":35}},"loc":{"start":{"line":83,"column":53},"end":{"line":90,"column":7}},"line":83},"7":{"name":"(anonymous_7)","decl":{"start":{"line":84,"column":58},"end":{"line":84,"column":59}},"loc":{"start":{"line":84,"column":66},"end":{"line":87,"column":9}},"line":84},"8":{"name":"(anonymous_8)","decl":{"start":{"line":90,"column":9},"end":{"line":90,"column":10}},"loc":{"start":{"line":90,"column":20},"end":{"line":94,"column":7}},"line":90},"9":{"name":"(anonymous_9)","decl":{"start":{"line":103,"column":11},"end":{"line":103,"column":12}},"loc":{"start":{"line":103,"column":17},"end":{"line":103,"column":30}},"line":103},"10":{"name":"(anonymous_10)","decl":{"start":{"line":108,"column":30},"end":{"line":108,"column":31}},"loc":{"start":{"line":108,"column":49},"end":{"line":113,"column":3}},"line":108},"11":{"name":"(anonymous_11)","decl":{"start":{"line":115,"column":23},"end":{"line":115,"column":24}},"loc":{"start":{"line":115,"column":55},"end":{"line":119,"column":3}},"line":115},"12":{"name":"(anonymous_12)","decl":{"start":{"line":124,"column":23},"end":{"line":124,"column":24}},"loc":{"start":{"line":124,"column":35},"end":{"line":151,"column":3}},"line":124},"13":{"name":"(anonymous_13)","decl":{"start":{"line":128,"column":25},"end":{"line":128,"column":26}},"loc":{"start":{"line":128,"column":32},"end":{"line":128,"column":76}},"line":128},"14":{"name":"(anonymous_14)","decl":{"start":{"line":154,"column":26},"end":{"line":154,"column":27}},"loc":{"start":{"line":154,"column":49},"end":{"line":172,"column":3}},"line":154},"15":{"name":"(anonymous_15)","decl":{"start":{"line":176,"column":39},"end":{"line":176,"column":40}},"loc":{"start":{"line":176,"column":45},"end":{"line":180,"column":3}},"line":176},"16":{"name":"(anonymous_16)","decl":{"start":{"line":182,"column":40},"end":{"line":182,"column":41}},"loc":{"start":{"line":182,"column":60},"end":{"line":186,"column":3}},"line":182},"17":{"name":"(anonymous_17)","decl":{"start":{"line":188,"column":37},"end":{"line":188,"column":38}},"loc":{"start":{"line":188,"column":43},"end":{"line":192,"column":3}},"line":188},"18":{"name":"(anonymous_18)","decl":{"start":{"line":191,"column":15},"end":{"line":191,"column":16}},"loc":{"start":{"line":191,"column":21},"end":{"line":191,"column":51}},"line":191},"19":{"name":"(anonymous_19)","decl":{"start":{"line":196,"column":31},"end":{"line":196,"column":32}},"loc":{"start":{"line":196,"column":65},"end":{"line":226,"column":3}},"line":196},"20":{"name":"(anonymous_20)","decl":{"start":{"line":229,"column":33},"end":{"line":229,"column":34}},"loc":{"start":{"line":229,"column":57},"end":{"line":255,"column":3}},"line":229},"21":{"name":"(anonymous_21)","decl":{"start":{"line":260,"column":48},"end":{"line":260,"column":49}},"loc":{"start":{"line":260,"column":62},"end":{"line":265,"column":3}},"line":260},"22":{"name":"(anonymous_22)","decl":{"start":{"line":277,"column":39},"end":{"line":277,"column":40}},"loc":{"start":{"line":277,"column":46},"end":{"line":277,"column":85}},"line":277},"23":{"name":"(anonymous_23)","decl":{"start":{"line":278,"column":155},"end":{"line":278,"column":156}},"loc":{"start":{"line":278,"column":162},"end":{"line":278,"column":187}},"line":278},"24":{"name":"(anonymous_24)","decl":{"start":{"line":283,"column":115},"end":{"line":283,"column":116}},"loc":{"start":{"line":283,"column":126},"end":{"line":283,"column":279}},"line":283},"25":{"name":"(anonymous_25)","decl":{"start":{"line":283,"column":194},"end":{"line":283,"column":195}},"loc":{"start":{"line":283,"column":200},"end":{"line":283,"column":220}},"line":283},"26":{"name":"(anonymous_26)","decl":{"start":{"line":303,"column":50},"end":{"line":303,"column":51}},"loc":{"start":{"line":304,"column":14},"end":{"line":341,"column":20}},"line":304},"27":{"name":"(anonymous_27)","decl":{"start":{"line":314,"column":28},"end":{"line":314,"column":29}},"loc":{"start":{"line":315,"column":20},"end":{"line":338,"column":28}},"line":315},"28":{"name":"(anonymous_28)","decl":{"start":{"line":328,"column":66},"end":{"line":328,"column":67}},"loc":{"start":{"line":328,"column":72},"end":{"line":328,"column":106}},"line":328},"29":{"name":"(anonymous_29)","decl":{"start":{"line":331,"column":66},"end":{"line":331,"column":67}},"loc":{"start":{"line":331,"column":72},"end":{"line":331,"column":102}},"line":331}},"branchMap":{"0":{"loc":{"start":{"line":22,"column":2},"end":{"line":22,"column":39}},"type":"if","locations":[{"start":{"line":22,"column":2},"end":{"line":22,"column":39}},{"start":{},"end":{}}],"line":22},"1":{"loc":{"start":{"line":43,"column":49},"end":{"line":43,"column":82}},"type":"binary-expr","locations":[{"start":{"line":43,"column":49},"end":{"line":43,"column":76}},{"start":{"line":43,"column":80},"end":{"line":43,"column":82}}],"line":43},"2":{"loc":{"start":{"line":68,"column":19},"end":{"line":68,"column":52}},"type":"binary-expr","locations":[{"start":{"line":68,"column":19},"end":{"line":68,"column":46}},{"start":{"line":68,"column":50},"end":{"line":68,"column":52}}],"line":68},"3":{"loc":{"start":{"line":77,"column":4},"end":{"line":101,"column":5}},"type":"if","locations":[{"start":{"line":77,"column":4},"end":{"line":101,"column":5}},{"start":{"line":96,"column":11},"end":{"line":101,"column":5}}],"line":77},"4":{"loc":{"start":{"line":109,"column":4},"end":{"line":111,"column":5}},"type":"if","locations":[{"start":{"line":109,"column":4},"end":{"line":111,"column":5}},{"start":{},"end":{}}],"line":109},"5":{"loc":{"start":{"line":115,"column":33},"end":{"line":115,"column":50}},"type":"default-arg","locations":[{"start":{"line":115,"column":44},"end":{"line":115,"column":50}}],"line":115},"6":{"loc":{"start":{"line":127,"column":4},"end":{"line":127,"column":67}},"type":"if","locations":[{"start":{"line":127,"column":4},"end":{"line":127,"column":67}},{"start":{},"end":{}}],"line":127},"7":{"loc":{"start":{"line":128,"column":4},"end":{"line":130,"column":5}},"type":"if","locations":[{"start":{"line":128,"column":4},"end":{"line":130,"column":5}},{"start":{},"end":{}}],"line":128},"8":{"loc":{"start":{"line":131,"column":4},"end":{"line":133,"column":5}},"type":"if","locations":[{"start":{"line":131,"column":4},"end":{"line":133,"column":5}},{"start":{},"end":{}}],"line":131},"9":{"loc":{"start":{"line":135,"column":4},"end":{"line":135,"column":73}},"type":"if","locations":[{"start":{"line":135,"column":4},"end":{"line":135,"column":73}},{"start":{},"end":{}}],"line":135},"10":{"loc":{"start":{"line":156,"column":4},"end":{"line":156,"column":73}},"type":"if","locations":[{"start":{"line":156,"column":4},"end":{"line":156,"column":73}},{"start":{},"end":{}}],"line":156},"11":{"loc":{"start":{"line":157,"column":4},"end":{"line":157,"column":32}},"type":"if","locations":[{"start":{"line":157,"column":4},"end":{"line":157,"column":32}},{"start":{},"end":{}}],"line":157},"12":{"loc":{"start":{"line":198,"column":4},"end":{"line":201,"column":5}},"type":"if","locations":[{"start":{"line":198,"column":4},"end":{"line":201,"column":5}},{"start":{},"end":{}}],"line":198},"13":{"loc":{"start":{"line":208,"column":8},"end":{"line":216,"column":9}},"type":"if","locations":[{"start":{"line":208,"column":8},"end":{"line":216,"column":9}},{"start":{"line":212,"column":15},"end":{"line":216,"column":9}}],"line":208},"14":{"loc":{"start":{"line":231,"column":4},"end":{"line":234,"column":5}},"type":"if","locations":[{"start":{"line":231,"column":4},"end":{"line":234,"column":5}},{"start":{},"end":{}}],"line":231},"15":{"loc":{"start":{"line":235,"column":4},"end":{"line":235,"column":35}},"type":"if","locations":[{"start":{"line":235,"column":4},"end":{"line":235,"column":35}},{"start":{},"end":{}}],"line":235},"16":{"loc":{"start":{"line":237,"column":4},"end":{"line":239,"column":5}},"type":"if","locations":[{"start":{"line":237,"column":4},"end":{"line":239,"column":5}},{"start":{},"end":{}}],"line":237},"17":{"loc":{"start":{"line":261,"column":17},"end":{"line":261,"column":36}},"type":"binary-expr","locations":[{"start":{"line":261,"column":17},"end":{"line":261,"column":25}},{"start":{"line":261,"column":29},"end":{"line":261,"column":36}}],"line":261},"18":{"loc":{"start":{"line":262,"column":4},"end":{"line":262,"column":39}},"type":"if","locations":[{"start":{"line":262,"column":4},"end":{"line":262,"column":39}},{"start":{},"end":{}}],"line":262},"19":{"loc":{"start":{"line":278,"column":31},"end":{"line":278,"column":96}},"type":"cond-expr","locations":[{"start":{"line":278,"column":46},"end":{"line":278,"column":80}},{"start":{"line":278,"column":83},"end":{"line":278,"column":96}}],"line":278},"20":{"loc":{"start":{"line":278,"column":199},"end":{"line":278,"column":230}},"type":"binary-expr","locations":[{"start":{"line":278,"column":199},"end":{"line":278,"column":214}},{"start":{"line":278,"column":218},"end":{"line":278,"column":230}}],"line":278},"21":{"loc":{"start":{"line":279,"column":66},"end":{"line":279,"column":157}},"type":"cond-expr","locations":[{"start":{"line":279,"column":84},"end":{"line":279,"column":130}},{"start":{"line":279,"column":133},"end":{"line":279,"column":157}}],"line":279},"22":{"loc":{"start":{"line":279,"column":169},"end":{"line":279,"column":218}},"type":"binary-expr","locations":[{"start":{"line":279,"column":169},"end":{"line":279,"column":184}},{"start":{"line":279,"column":188},"end":{"line":279,"column":202}},{"start":{"line":279,"column":206},"end":{"line":279,"column":218}}],"line":279},"23":{"loc":{"start":{"line":281,"column":8},"end":{"line":281,"column":85}},"type":"binary-expr","locations":[{"start":{"line":281,"column":8},"end":{"line":281,"column":16}},{"start":{"line":281,"column":20},"end":{"line":281,"column":85}}],"line":281},"24":{"loc":{"start":{"line":283,"column":8},"end":{"line":283,"column":385}},"type":"cond-expr","locations":[{"start":{"line":283,"column":35},"end":{"line":283,"column":292}},{"start":{"line":283,"column":299},"end":{"line":283,"column":383}}],"line":283},"25":{"loc":{"start":{"line":283,"column":164},"end":{"line":283,"column":220}},"type":"cond-expr","locations":[{"start":{"line":283,"column":182},"end":{"line":283,"column":191}},{"start":{"line":283,"column":194},"end":{"line":283,"column":220}}],"line":283},"26":{"loc":{"start":{"line":294,"column":7},"end":{"line":294,"column":119}},"type":"binary-expr","locations":[{"start":{"line":294,"column":7},"end":{"line":294,"column":22}},{"start":{"line":294,"column":26},"end":{"line":294,"column":45}},{"start":{"line":294,"column":49},"end":{"line":294,"column":119}}],"line":294},"27":{"loc":{"start":{"line":297,"column":7},"end":{"line":297,"column":127}},"type":"binary-expr","locations":[{"start":{"line":297,"column":7},"end":{"line":297,"column":25}},{"start":{"line":297,"column":29},"end":{"line":297,"column":127}}],"line":297},"28":{"loc":{"start":{"line":298,"column":8},"end":{"line":298,"column":268}},"type":"binary-expr","locations":[{"start":{"line":298,"column":8},"end":{"line":298,"column":27}},{"start":{"line":298,"column":31},"end":{"line":298,"column":47}},{"start":{"line":298,"column":51},"end":{"line":298,"column":75}},{"start":{"line":298,"column":81},"end":{"line":298,"column":266}}],"line":298},"29":{"loc":{"start":{"line":301,"column":7},"end":{"line":344,"column":7}},"type":"binary-expr","locations":[{"start":{"line":301,"column":7},"end":{"line":301,"column":26}},{"start":{"line":301,"column":30},"end":{"line":301,"column":46}},{"start":{"line":301,"column":50},"end":{"line":301,"column":72}},{"start":{"line":302,"column":8},"end":{"line":343,"column":16}}],"line":301},"30":{"loc":{"start":{"line":307,"column":21},"end":{"line":311,"column":39}},"type":"cond-expr","locations":[{"start":{"line":307,"column":39},"end":{"line":307,"column":56}},{"start":{"line":308,"column":21},"end":{"line":311,"column":39}}],"line":307},"31":{"loc":{"start":{"line":308,"column":21},"end":{"line":311,"column":39}},"type":"cond-expr","locations":[{"start":{"line":308,"column":43},"end":{"line":308,"column":64}},{"start":{"line":309,"column":21},"end":{"line":311,"column":39}}],"line":308},"32":{"loc":{"start":{"line":309,"column":21},"end":{"line":311,"column":39}},"type":"cond-expr","locations":[{"start":{"line":309,"column":42},"end":{"line":309,"column":52}},{"start":{"line":310,"column":21},"end":{"line":311,"column":39}}],"line":309},"33":{"loc":{"start":{"line":310,"column":21},"end":{"line":311,"column":39}},"type":"cond-expr","locations":[{"start":{"line":310,"column":44},"end":{"line":310,"column":66}},{"start":{"line":311,"column":21},"end":{"line":311,"column":39}}],"line":310},"34":{"loc":{"start":{"line":320,"column":71},"end":{"line":320,"column":89}},"type":"binary-expr","locations":[{"start":{"line":320,"column":71},"end":{"line":320,"column":80}},{"start":{"line":320,"column":84},"end":{"line":320,"column":89}}],"line":320},"35":{"loc":{"start":{"line":321,"column":82},"end":{"line":321,"column":107}},"type":"binary-expr","locations":[{"start":{"line":321,"column":82},"end":{"line":321,"column":98}},{"start":{"line":321,"column":102},"end":{"line":321,"column":107}}],"line":321},"36":{"loc":{"start":{"line":323,"column":75},"end":{"line":323,"column":136}},"type":"cond-expr","locations":[{"start":{"line":323,"column":91},"end":{"line":323,"column":100}},{"start":{"line":323,"column":103},"end":{"line":323,"column":136}}],"line":323},"37":{"loc":{"start":{"line":336,"column":25},"end":{"line":336,"column":141}},"type":"binary-expr","locations":[{"start":{"line":336,"column":25},"end":{"line":336,"column":40}},{"start":{"line":336,"column":44},"end":{"line":336,"column":141}}],"line":336},"38":{"loc":{"start":{"line":337,"column":25},"end":{"line":337,"column":177}},"type":"binary-expr","locations":[{"start":{"line":337,"column":25},"end":{"line":337,"column":33}},{"start":{"line":337,"column":37},"end":{"line":337,"column":177}}],"line":337}},"s":{"0":1,"1":1,"2":0,"3":0,"4":0,"5":0,"6":0,"7":1,"8":0,"9":1,"10":12,"11":12,"12":12,"13":12,"14":12,"15":12,"16":12,"17":12,"18":12,"19":12,"20":12,"21":12,"22":12,"23":12,"24":12,"25":5,"26":12,"27":5,"28":5,"29":5,"30":5,"31":5,"32":5,"33":5,"34":5,"35":0,"36":5,"37":5,"38":0,"39":0,"40":0,"41":0,"42":0,"43":5,"44":5,"45":12,"46":0,"47":0,"48":0,"49":12,"50":0,"51":0,"52":0,"53":12,"54":0,"55":0,"56":0,"57":0,"58":0,"59":0,"60":0,"61":0,"62":0,"63":0,"64":0,"65":0,"66":0,"67":0,"68":0,"69":0,"70":0,"71":0,"72":0,"73":0,"74":0,"75":0,"76":0,"77":0,"78":0,"79":0,"80":12,"81":0,"82":0,"83":0,"84":0,"85":0,"86":0,"87":0,"88":0,"89":0,"90":0,"91":0,"92":0,"93":0,"94":0,"95":12,"96":2,"97":2,"98":12,"99":0,"100":0,"101":12,"102":0,"103":0,"104":0,"105":12,"106":0,"107":0,"108":0,"109":0,"110":0,"111":0,"112":0,"113":0,"114":0,"115":0,"116":0,"117":0,"118":0,"119":0,"120":0,"121":0,"122":0,"123":0,"124":0,"125":12,"126":0,"127":0,"128":0,"129":0,"130":0,"131":0,"132":0,"133":0,"134":0,"135":0,"136":0,"137":0,"138":0,"139":0,"140":0,"141":0,"142":12,"143":0,"144":0,"145":0,"146":0,"147":0,"148":12,"149":12,"150":0,"151":0,"152":0,"153":0,"154":0,"155":0,"156":0,"157":0,"158":0},"f":{"0":0,"1":0,"2":12,"3":5,"4":5,"5":0,"6":5,"7":0,"8":0,"9":5,"10":0,"11":0,"12":0,"13":0,"14":0,"15":2,"16":0,"17":0,"18":0,"19":0,"20":0,"21":0,"22":0,"23":0,"24":0,"25":0,"26":0,"27":0,"28":0,"29":0},"b":{"0":[0,0],"1":[12,12],"2":[5,5],"3":[5,0],"4":[0,0],"5":[0],"6":[0,0],"7":[0,0],"8":[0,0],"9":[0,0],"10":[0,0],"11":[0,0],"12":[0,0],"13":[0,0],"14":[0,0],"15":[0,0],"16":[0,0],"17":[0,0],"18":[0,0],"19":[0,12],"20":[12,12],"21":[0,12],"22":[12,12,0],"23":[12,0],"24":[0,12],"25":[0,0],"26":[12,0,0],"27":[12,5],"28":[12,7,7,7],"29":[12,7,7,0],"30":[0,0],"31":[0,0],"32":[0,0],"33":[0,0],"34":[0,0],"35":[0,0],"36":[0,0],"37":[0,0],"38":[0,0]},"_coverageSchema":"1a1c01bbd47fc00a2c39e90264f33305004495a9","hash":"81346e408ec78a7ac977ba5f15318af01d088f83"}
}
