TN:
SF:src\components\common\EditableField.jsx
FN:10,(anonymous_0)
FN:26,(anonymous_1)
FN:30,(anonymous_2)
FN:35,(anonymous_3)
FN:40,(anonymous_4)
FN:90,(anonymous_5)
FNF:6
FNH:2
FNDA:16,(anonymous_0)
FNDA:16,(anonymous_1)
FNDA:0,(anonymous_2)
FNDA:0,(anonymous_3)
FNDA:0,(anonymous_4)
FNDA:0,(anonymous_5)
DA:10,1
DA:23,16
DA:24,16
DA:26,16
DA:27,16
DA:30,16
DA:31,0
DA:32,0
DA:35,16
DA:36,0
DA:37,0
DA:40,16
DA:41,0
DA:42,0
DA:43,0
DA:45,0
DA:49,16
DA:90,0
LF:18
LH:9
BRDA:14,0,0,0
BRDA:15,1,0,0
BRDA:16,2,0,4
BRDA:17,3,0,0
BRDA:18,4,0,0
BRDA:19,5,0,0
BRDA:20,6,0,16
BRDA:21,7,0,16
BRDA:24,8,0,16
BRDA:24,8,1,4
BRDA:27,9,0,16
BRDA:27,9,1,4
BRDA:31,10,0,0
BRDA:31,10,1,0
BRDA:37,11,0,0
BRDA:37,11,1,0
BRDA:52,12,0,16
BRDA:52,12,1,0
BRDA:68,13,0,4
BRDA:68,13,1,12
BRDA:75,14,0,16
BRDA:75,14,1,4
BRDA:95,15,0,0
BRDA:95,15,1,0
BRF:24
BRH:12
end_of_record
TN:
SF:src\components\common\EditableTextArea.jsx
FN:10,(anonymous_0)
FN:25,(anonymous_1)
FN:29,(anonymous_2)
FN:34,(anonymous_3)
FN:39,(anonymous_4)
FN:85,(anonymous_5)
FNF:6
FNH:2
FNDA:4,(anonymous_0)
FNDA:4,(anonymous_1)
FNDA:0,(anonymous_2)
FNDA:0,(anonymous_3)
FNDA:0,(anonymous_4)
FNDA:0,(anonymous_5)
DA:10,1
DA:22,4
DA:23,4
DA:25,4
DA:26,4
DA:29,4
DA:30,0
DA:31,0
DA:34,4
DA:35,0
DA:36,0
DA:39,4
DA:40,0
DA:41,0
DA:42,0
DA:44,0
DA:48,4
DA:85,0
LF:18
LH:9
BRDA:14,0,0,4
BRDA:15,1,0,0
BRDA:16,2,0,0
BRDA:17,3,0,0
BRDA:18,4,0,4
BRDA:19,5,0,0
BRDA:20,6,0,4
BRDA:23,7,0,4
BRDA:23,7,1,1
BRDA:26,8,0,4
BRDA:26,8,1,1
BRDA:30,9,0,0
BRDA:30,9,1,0
BRDA:36,10,0,0
BRDA:36,10,1,0
BRDA:51,11,0,4
BRDA:51,11,1,0
BRDA:67,12,0,1
BRDA:67,12,1,3
BRDA:71,13,0,4
BRDA:71,13,1,1
BRDA:71,13,2,0
BRF:22
BRH:12
end_of_record
TN:
SF:src\components\common\FileUploadField.jsx
FN:12,(anonymous_0)
FN:28,(anonymous_1)
FN:36,(anonymous_2)
FN:44,(anonymous_3)
FN:52,(anonymous_4)
FN:67,(anonymous_5)
FNF:6
FNH:1
FNDA:4,(anonymous_0)
FNDA:0,(anonymous_1)
FNDA:0,(anonymous_2)
FNDA:0,(anonymous_3)
FNDA:0,(anonymous_4)
FNDA:0,(anonymous_5)
DA:12,1
DA:24,4
DA:25,4
DA:26,4
DA:28,4
DA:29,0
DA:30,0
DA:31,0
DA:33,0
DA:36,4
DA:37,0
DA:38,0
DA:39,0
DA:40,0
DA:44,4
DA:45,0
DA:46,0
DA:48,0
DA:52,4
DA:53,0
DA:54,0
DA:55,0
DA:56,0
DA:57,0
DA:58,0
DA:59,0
DA:62,0
DA:67,4
DA:68,0
DA:70,0
DA:71,0
DA:72,0
DA:75,0
DA:81,4
LF:34
LH:10
BRDA:18,0,0,0
BRDA:19,1,0,0
BRDA:20,2,0,0
BRDA:21,3,0,0
BRDA:22,4,0,0
BRDA:30,5,0,0
BRDA:30,5,1,0
BRDA:39,6,0,0
BRDA:39,6,1,0
BRDA:45,7,0,0
BRDA:45,7,1,0
BRDA:45,8,0,0
BRDA:45,8,1,0
BRDA:53,9,0,0
BRDA:53,9,1,0
BRDA:58,10,0,0
BRDA:58,10,1,0
BRDA:68,11,0,0
BRDA:68,11,1,0
BRDA:70,12,0,0
BRDA:70,12,1,0
BRDA:84,13,0,4
BRDA:84,13,1,0
BRDA:87,14,0,3
BRDA:87,14,1,1
BRDA:102,15,0,4
BRDA:102,15,1,3
BRDA:116,16,0,0
BRDA:116,16,1,0
BRDA:125,17,0,0
BRDA:125,17,1,0
BRF:31
BRH:5
end_of_record
TN:
SF:src\components\profile\ExperienceForm.jsx
FN:15,(anonymous_0)
FN:40,(anonymous_1)
FN:47,(anonymous_2)
FN:73,(anonymous_3)
FN:75,(anonymous_4)
FN:83,(anonymous_5)
FN:88,(anonymous_6)
FN:130,(anonymous_7)
FN:190,(anonymous_8)
FNF:9
FNH:7
FNDA:2,(anonymous_0)
FNDA:24,(anonymous_1)
FNDA:6,(anonymous_2)
FNDA:9,(anonymous_3)
FNDA:9,(anonymous_4)
FNDA:0,(anonymous_5)
FNDA:3,(anonymous_6)
FNDA:3,(anonymous_7)
FNDA:0,(anonymous_8)
DA:15,1
DA:16,2
DA:17,2
DA:18,2
DA:19,2
DA:20,2
DA:21,2
DA:23,0
DA:24,0
DA:29,1
DA:40,1
DA:42,24
DA:43,24
DA:44,24
DA:47,24
DA:48,6
DA:49,6
DA:51,1
DA:63,5
DA:66,6
DA:67,6
DA:73,24
DA:74,9
DA:75,9
DA:82,9
DA:83,0
DA:85,9
DA:88,24
DA:89,3
DA:90,3
DA:91,3
DA:92,3
DA:93,3
DA:95,2
DA:96,0
DA:100,3
DA:101,2
DA:104,1
DA:105,0
DA:108,1
DA:109,1
DA:110,1
DA:111,1
DA:112,1
DA:113,0
DA:116,0
DA:121,3
DA:122,1
DA:126,3
DA:127,3
DA:130,24
DA:131,3
DA:132,3
DA:133,1
DA:134,0
DA:135,0
DA:141,1
DA:142,1
DA:144,1
DA:145,1
DA:147,1
DA:149,1
DA:150,1
DA:153,0
DA:154,0
DA:155,0
DA:159,1
DA:172,1
DA:173,0
DA:177,1
DA:178,1
DA:181,0
DA:182,0
DA:188,24
DA:190,0
LF:75
LH:59
BRDA:16,0,0,0
BRDA:16,0,1,2
BRDA:18,1,0,0
BRDA:18,1,1,2
BRDA:40,2,0,22
BRDA:48,3,0,6
BRDA:48,3,1,0
BRDA:49,4,0,1
BRDA:49,4,1,5
BRDA:52,5,0,1
BRDA:52,5,1,0
BRDA:53,6,0,1
BRDA:53,6,1,0
BRDA:54,7,0,1
BRDA:54,7,1,0
BRDA:57,8,0,1
BRDA:57,8,1,1
BRDA:58,9,0,1
BRDA:58,9,1,1
BRDA:59,10,0,1
BRDA:59,10,1,1
BRDA:77,11,0,1
BRDA:77,11,1,8
BRDA:79,12,0,9
BRDA:79,12,1,1
BRDA:79,12,2,1
BRDA:82,13,0,0
BRDA:82,13,1,9
BRDA:85,14,0,0
BRDA:85,14,1,9
BRDA:90,15,0,0
BRDA:90,15,1,3
BRDA:91,16,0,1
BRDA:91,16,1,2
BRDA:92,17,0,1
BRDA:92,17,1,2
BRDA:93,18,0,1
BRDA:93,18,1,2
BRDA:95,19,0,0
BRDA:95,19,1,2
BRDA:100,20,0,2
BRDA:100,20,1,1
BRDA:100,21,0,3
BRDA:100,21,1,3
BRDA:104,22,0,0
BRDA:104,22,1,1
BRDA:104,23,0,1
BRDA:104,23,1,1
BRDA:108,24,0,1
BRDA:108,24,1,0
BRDA:108,25,0,1
BRDA:108,25,1,1
BRDA:108,25,2,1
BRDA:112,26,0,0
BRDA:112,26,1,1
BRDA:121,27,0,1
BRDA:121,27,1,2
BRDA:121,28,0,3
BRDA:121,28,1,1
BRDA:132,29,0,2
BRDA:132,29,1,1
BRDA:133,30,0,0
BRDA:133,30,1,1
BRDA:145,31,0,1
BRDA:145,31,1,0
BRDA:149,32,0,1
BRDA:149,32,1,0
BRDA:149,33,0,1
BRDA:149,33,1,1
BRDA:168,34,0,1
BRDA:168,34,1,1
BRDA:168,34,2,1
BRDA:172,35,0,0
BRDA:172,35,1,1
BRDA:178,36,0,1
BRDA:178,36,1,1
BRDA:190,37,0,0
BRDA:190,37,1,0
BRDA:191,38,0,2
BRDA:191,38,1,22
BRDA:193,39,0,24
BRDA:193,39,1,0
BRDA:214,40,0,24
BRDA:214,40,1,0
BRDA:263,41,0,24
BRDA:263,41,1,23
BRDA:281,42,0,24
BRDA:281,42,1,22
BRDA:282,43,0,24
BRDA:282,43,1,24
BRDA:332,44,0,24
BRDA:332,44,1,23
BRDA:342,45,0,0
BRDA:342,45,1,24
BRDA:342,46,0,2
BRDA:342,46,1,22
BRF:96
BRH:74
end_of_record
TN:
SF:src\components\profile\ProfileHeader.jsx
FN:8,(anonymous_0)
FN:20,(anonymous_1)
FN:23,(anonymous_2)
FN:28,(anonymous_3)
FN:29,(anonymous_4)
FN:30,(anonymous_5)
FN:31,(anonymous_6)
FN:33,(anonymous_7)
FN:39,(anonymous_8)
FN:49,(anonymous_9)
FN:50,(anonymous_10)
FNF:11
FNH:7
FNDA:8,(anonymous_0)
FNDA:8,(anonymous_1)
FNDA:16,(anonymous_2)
FNDA:0,(anonymous_3)
FNDA:0,(anonymous_4)
FNDA:0,(anonymous_5)
FNDA:0,(anonymous_6)
FNDA:2,(anonymous_7)
FNDA:2,(anonymous_8)
FNDA:1,(anonymous_9)
FNDA:1,(anonymous_10)
DA:8,1
DA:17,8
DA:18,8
DA:20,8
DA:21,8
DA:22,8
DA:23,16
DA:26,8
DA:28,8
DA:29,8
DA:30,8
DA:31,8
DA:33,8
DA:34,2
DA:35,1
DA:39,8
DA:40,2
DA:41,2
DA:42,1
DA:44,1
DA:49,8
DA:50,8
DA:52,8
LF:23
LH:23
BRDA:21,0,0,0
BRDA:21,0,1,8
BRDA:23,1,0,8
BRDA:23,1,1,0
BRDA:23,2,0,16
BRDA:23,2,1,0
BRDA:34,3,0,1
BRDA:34,3,1,1
BRDA:41,4,0,1
BRDA:41,4,1,1
BRDA:60,5,0,7
BRDA:60,5,1,1
BRDA:62,6,0,7
BRDA:62,6,1,1
BRDA:81,7,0,0
BRDA:81,7,1,8
BRDA:117,8,0,8
BRDA:117,8,1,2
BRDA:118,9,0,8
BRDA:118,9,1,0
BRDA:127,10,0,8
BRDA:127,10,1,2
BRDA:136,11,0,0
BRDA:136,11,1,8
BRF:24
BRH:18
end_of_record
TN:
SF:src\components\profile\ProfileInfoSection.jsx
FN:10,(anonymous_0)
FNF:1
FNH:1
FNDA:4,(anonymous_0)
DA:10,1
DA:22,4
DA:24,4
LF:3
LH:3
BRDA:22,0,0,4
BRDA:22,0,1,1
BRDA:56,1,0,4
BRDA:56,1,1,1
BRDA:69,2,0,4
BRDA:69,2,1,1
BRF:6
BRH:6
end_of_record
TN:
SF:src\components\profile\StudentCoursesEnrolled.jsx
FN:19,(anonymous_0)
FN:34,(anonymous_1)
FN:35,(anonymous_2)
FN:38,(anonymous_3)
FN:41,(anonymous_4)
FN:42,(anonymous_5)
FN:48,(anonymous_6)
FN:49,(anonymous_7)
FN:55,(anonymous_8)
FN:63,(anonymous_9)
FN:66,(anonymous_10)
FN:77,(anonymous_11)
FN:90,(anonymous_12)
FN:126,(anonymous_13)
FN:128,(anonymous_14)
FN:146,(anonymous_15)
FN:166,(anonymous_16)
FN:194,(anonymous_17)
FN:195,(anonymous_18)
FN:202,(anonymous_19)
FN:256,(anonymous_20)
FNF:21
FNH:8
FNDA:11,(anonymous_0)
FNDA:4,(anonymous_1)
FNDA:0,(anonymous_2)
FNDA:4,(anonymous_3)
FNDA:4,(anonymous_4)
FNDA:4,(anonymous_5)
FNDA:0,(anonymous_6)
FNDA:0,(anonymous_7)
FNDA:0,(anonymous_8)
FNDA:4,(anonymous_9)
FNDA:0,(anonymous_10)
FNDA:0,(anonymous_11)
FNDA:1,(anonymous_12)
FNDA:0,(anonymous_13)
FNDA:0,(anonymous_14)
FNDA:2,(anonymous_15)
FNDA:0,(anonymous_16)
FNDA:0,(anonymous_17)
FNDA:0,(anonymous_18)
FNDA:0,(anonymous_19)
FNDA:0,(anonymous_20)
DA:19,1
DA:20,11
DA:21,11
DA:22,11
DA:29,11
DA:30,11
DA:31,11
DA:32,11
DA:34,11
DA:35,4
DA:36,0
DA:38,4
DA:41,11
DA:42,4
DA:43,4
DA:44,0
DA:45,0
DA:46,0
DA:48,0
DA:49,0
DA:53,0
DA:54,0
DA:56,0
DA:57,0
DA:60,4
DA:61,4
DA:63,4
DA:66,11
DA:67,0
DA:68,0
DA:69,0
DA:70,0
DA:72,0
DA:73,0
DA:77,11
DA:78,0
DA:85,0
DA:86,0
DA:87,0
DA:90,11
DA:91,1
DA:92,1
DA:93,1
DA:95,0
DA:96,0
DA:97,0
DA:99,0
DA:101,0
DA:109,0
DA:110,0
DA:111,0
DA:112,0
DA:114,0
DA:115,0
DA:117,0
DA:118,0
DA:119,0
DA:121,0
DA:122,0
DA:126,11
DA:127,0
DA:128,0
DA:134,11
DA:135,4
DA:138,7
DA:147,2
DA:148,2
DA:149,2
DA:150,2
DA:167,0
DA:194,0
DA:195,0
DA:202,0
DA:256,0
LF:74
LH:31
BRDA:43,0,0,0
BRDA:43,0,1,4
BRDA:67,1,0,0
BRDA:67,1,1,0
BRDA:79,2,0,0
BRDA:79,2,1,0
BRDA:80,3,0,0
BRDA:80,3,1,0
BRDA:81,4,0,0
BRDA:81,4,1,0
BRDA:82,5,0,0
BRDA:82,5,1,0
BRDA:83,6,0,0
BRDA:83,6,1,0
BRDA:91,7,0,1
BRDA:91,7,1,0
BRDA:91,8,0,1
BRDA:91,8,1,0
BRDA:95,9,0,0
BRDA:95,9,1,0
BRDA:110,10,0,0
BRDA:110,10,1,0
BRDA:134,11,0,4
BRDA:134,11,1,7
BRDA:161,12,0,7
BRDA:161,12,1,7
BRDA:171,13,0,0
BRDA:171,13,1,0
BRDA:172,14,0,0
BRDA:172,14,1,0
BRDA:177,15,0,0
BRDA:177,15,1,0
BRDA:180,16,0,0
BRDA:180,16,1,0
BRDA:182,17,0,0
BRDA:182,17,1,0
BRDA:187,18,0,0
BRDA:187,18,1,0
BRDA:203,19,0,0
BRDA:203,19,1,7
BRDA:205,20,0,7
BRDA:205,20,1,1
BRDA:213,21,0,7
BRDA:213,21,1,0
BRDA:222,22,0,7
BRDA:222,22,1,0
BRDA:230,23,0,7
BRDA:230,23,1,0
BRDA:238,24,0,7
BRDA:238,24,1,0
BRDA:250,25,0,7
BRDA:250,25,1,0
BRDA:260,26,0,0
BRDA:260,26,1,7
BRF:54
BRH:16
end_of_record
