TN:
SF:src\components\profile\ExperienceForm.jsx
FN:16,(anonymous_0)
FN:41,(anonymous_1)
FN:48,(anonymous_2)
FN:74,(anonymous_3)
FN:76,(anonymous_4)
FN:84,(anonymous_5)
FN:89,(anonymous_6)
FN:131,(anonymous_7)
FN:191,(anonymous_8)
FNF:9
FNH:7
FNDA:2,(anonymous_0)
FNDA:50,(anonymous_1)
FNDA:17,(anonymous_2)
FNDA:9,(anonymous_3)
FNDA:9,(anonymous_4)
FNDA:0,(anonymous_5)
FNDA:4,(anonymous_6)
FNDA:4,(anonymous_7)
FNDA:0,(anonymous_8)
DA:16,3
DA:17,2
DA:18,2
DA:19,2
DA:20,2
DA:21,2
DA:22,2
DA:24,0
DA:25,0
DA:30,3
DA:41,3
DA:43,50
DA:44,50
DA:45,50
DA:48,50
DA:49,17
DA:50,9
DA:52,1
DA:64,8
DA:67,9
DA:68,9
DA:74,50
DA:75,9
DA:76,9
DA:83,9
DA:84,0
DA:86,9
DA:89,50
DA:90,4
DA:91,4
DA:92,4
DA:93,4
DA:94,4
DA:96,2
DA:97,0
DA:101,4
DA:102,3
DA:105,1
DA:106,0
DA:109,1
DA:110,1
DA:111,1
DA:112,1
DA:113,1
DA:114,0
DA:117,0
DA:122,4
DA:123,1
DA:127,4
DA:128,4
DA:131,50
DA:132,4
DA:133,4
DA:134,1
DA:135,0
DA:136,0
DA:142,1
DA:143,1
DA:145,1
DA:146,1
DA:148,1
DA:150,1
DA:151,1
DA:154,0
DA:155,0
DA:156,0
DA:160,1
DA:173,1
DA:174,0
DA:178,1
DA:179,1
DA:182,0
DA:183,0
DA:189,50
DA:191,0
LF:75
LH:59
BRDA:17,0,0,0
BRDA:17,0,1,2
BRDA:19,1,0,0
BRDA:19,1,1,2
BRDA:41,2,0,22
BRDA:49,3,0,9
BRDA:49,3,1,8
BRDA:50,4,0,1
BRDA:50,4,1,8
BRDA:53,5,0,1
BRDA:53,5,1,0
BRDA:54,6,0,1
BRDA:54,6,1,0
BRDA:55,7,0,1
BRDA:55,7,1,0
BRDA:58,8,0,1
BRDA:58,8,1,1
BRDA:59,9,0,1
BRDA:59,9,1,1
BRDA:60,10,0,1
BRDA:60,10,1,1
BRDA:78,11,0,1
BRDA:78,11,1,8
BRDA:80,12,0,9
BRDA:80,12,1,1
BRDA:80,12,2,1
BRDA:83,13,0,0
BRDA:83,13,1,9
BRDA:86,14,0,0
BRDA:86,14,1,9
BRDA:91,15,0,0
BRDA:91,15,1,4
BRDA:92,16,0,2
BRDA:92,16,1,2
BRDA:93,17,0,2
BRDA:93,17,1,2
BRDA:94,18,0,2
BRDA:94,18,1,2
BRDA:96,19,0,0
BRDA:96,19,1,2
BRDA:101,20,0,3
BRDA:101,20,1,1
BRDA:101,21,0,4
BRDA:101,21,1,4
BRDA:105,22,0,0
BRDA:105,22,1,1
BRDA:105,23,0,1
BRDA:105,23,1,1
BRDA:109,24,0,1
BRDA:109,24,1,0
BRDA:109,25,0,1
BRDA:109,25,1,1
BRDA:109,25,2,1
BRDA:113,26,0,0
BRDA:113,26,1,1
BRDA:122,27,0,1
BRDA:122,27,1,3
BRDA:122,28,0,4
BRDA:122,28,1,1
BRDA:133,29,0,3
BRDA:133,29,1,1
BRDA:134,30,0,0
BRDA:134,30,1,1
BRDA:146,31,0,1
BRDA:146,31,1,0
BRDA:150,32,0,1
BRDA:150,32,1,0
BRDA:150,33,0,1
BRDA:150,33,1,1
BRDA:169,34,0,1
BRDA:169,34,1,1
BRDA:169,34,2,1
BRDA:173,35,0,0
BRDA:173,35,1,1
BRDA:179,36,0,1
BRDA:179,36,1,1
BRDA:191,37,0,0
BRDA:191,37,1,0
BRDA:192,38,0,2
BRDA:192,38,1,48
BRDA:194,39,0,50
BRDA:194,39,1,0
BRDA:215,40,0,50
BRDA:215,40,1,0
BRDA:264,41,0,50
BRDA:264,41,1,48
BRDA:282,42,0,50
BRDA:282,42,1,47
BRDA:283,43,0,50
BRDA:283,43,1,50
BRDA:333,44,0,50
BRDA:333,44,1,49
BRDA:343,45,0,0
BRDA:343,45,1,50
BRDA:343,46,0,2
BRDA:343,46,1,48
BRF:96
BRH:75
end_of_record
TN:
SF:src\components\profile\ProfessorExperienceResearch.jsx
FN:25,(anonymous_0)
FN:37,Alert
FN:44,(anonymous_2)
FN:73,(anonymous_3)
FN:78,(anonymous_4)
FN:79,(anonymous_5)
FN:86,(anonymous_6)
FN:87,(anonymous_7)
FN:90,(anonymous_8)
FN:100,(anonymous_9)
FN:105,(anonymous_10)
FN:112,(anonymous_11)
FN:121,(anonymous_12)
FN:125,(anonymous_13)
FN:146,(anonymous_14)
FN:164,(anonymous_15)
FN:165,(anonymous_16)
FN:166,(anonymous_17)
FN:169,(anonymous_18)
FN:198,(anonymous_19)
FN:218,(anonymous_20)
FN:237,(anonymous_21)
FN:238,(anonymous_22)
FN:243,(anonymous_23)
FN:243,(anonymous_24)
FN:264,(anonymous_25)
FN:268,(anonymous_26)
FN:277,(anonymous_27)
FN:278,(anonymous_28)
FNF:29
FNH:13
FNDA:0,(anonymous_0)
FNDA:2,Alert
FNDA:10,(anonymous_2)
FNDA:3,(anonymous_3)
FNDA:3,(anonymous_4)
FNDA:0,(anonymous_5)
FNDA:3,(anonymous_6)
FNDA:0,(anonymous_7)
FNDA:0,(anonymous_8)
FNDA:3,(anonymous_9)
FNDA:0,(anonymous_10)
FNDA:1,(anonymous_11)
FNDA:1,(anonymous_12)
FNDA:3,(anonymous_13)
FNDA:0,(anonymous_14)
FNDA:1,(anonymous_15)
FNDA:0,(anonymous_16)
FNDA:0,(anonymous_17)
FNDA:0,(anonymous_18)
FNDA:0,(anonymous_19)
FNDA:0,(anonymous_20)
FNDA:1,(anonymous_21)
FNDA:1,(anonymous_22)
FNDA:30,(anonymous_23)
FNDA:0,(anonymous_24)
FNDA:0,(anonymous_25)
FNDA:0,(anonymous_26)
FNDA:0,(anonymous_27)
FNDA:0,(anonymous_28)
DA:22,1
DA:25,1
DA:26,0
DA:27,0
DA:28,0
DA:30,0
DA:31,0
DA:37,1
DA:38,2
DA:44,1
DA:46,10
DA:47,10
DA:48,10
DA:49,10
DA:52,10
DA:53,10
DA:54,10
DA:57,10
DA:58,10
DA:59,10
DA:62,10
DA:63,10
DA:64,10
DA:69,10
DA:73,10
DA:74,3
DA:78,10
DA:79,3
DA:80,3
DA:81,3
DA:82,3
DA:83,3
DA:84,3
DA:86,3
DA:87,3
DA:88,3
DA:89,3
DA:91,0
DA:92,0
DA:93,0
DA:96,0
DA:97,0
DA:98,0
DA:100,3
DA:105,10
DA:106,0
DA:107,0
DA:109,0
DA:112,10
DA:113,1
DA:114,1
DA:115,1
DA:121,10
DA:122,1
DA:123,1
DA:124,1
DA:125,3
DA:126,0
DA:128,1
DA:129,0
DA:131,1
DA:133,1
DA:134,1
DA:135,1
DA:136,1
DA:137,1
DA:138,1
DA:140,0
DA:142,1
DA:146,10
DA:147,0
DA:148,0
DA:149,0
DA:150,0
DA:151,0
DA:152,0
DA:153,0
DA:155,0
DA:158,0
DA:164,10
DA:165,10
DA:166,10
DA:169,10
DA:170,0
DA:171,0
DA:172,0
DA:174,0
DA:176,0
DA:177,0
DA:178,0
DA:179,0
DA:180,0
DA:181,0
DA:183,0
DA:184,0
DA:185,0
DA:187,0
DA:188,0
DA:190,0
DA:191,0
DA:192,0
DA:194,0
DA:198,10
DA:199,0
DA:200,0
DA:201,0
DA:203,0
DA:205,0
DA:206,0
DA:207,0
DA:208,0
DA:210,0
DA:211,0
DA:213,0
DA:218,10
DA:219,0
DA:220,0
DA:221,0
DA:222,0
DA:224,10
DA:227,10
DA:237,1
DA:238,1
DA:243,30
DA:265,0
DA:269,0
DA:277,0
DA:278,0
LF:128
LH:64
BRDA:26,0,0,0
BRDA:26,0,1,0
BRDA:47,1,0,10
BRDA:47,1,1,0
BRDA:74,2,0,3
BRDA:74,2,1,0
BRDA:80,3,0,3
BRDA:80,3,1,0
BRDA:106,4,0,0
BRDA:106,4,1,0
BRDA:112,5,0,0
BRDA:124,6,0,0
BRDA:124,6,1,1
BRDA:125,7,0,0
BRDA:125,7,1,1
BRDA:128,8,0,0
BRDA:128,8,1,1
BRDA:131,9,0,0
BRDA:131,9,1,1
BRDA:147,10,0,0
BRDA:147,10,1,0
BRDA:148,11,0,0
BRDA:148,11,1,0
BRDA:170,12,0,0
BRDA:170,12,1,0
BRDA:178,13,0,0
BRDA:178,13,1,0
BRDA:199,14,0,0
BRDA:199,14,1,0
BRDA:200,15,0,0
BRDA:200,15,1,0
BRDA:201,16,0,0
BRDA:201,16,1,0
BRDA:219,17,0,0
BRDA:219,17,1,0
BRDA:220,18,0,0
BRDA:220,18,1,0
BRDA:238,19,0,0
BRDA:238,19,1,10
BRDA:238,20,0,10
BRDA:238,20,1,9
BRDA:239,21,0,1
BRDA:239,21,1,9
BRDA:239,22,0,10
BRDA:239,22,1,9
BRDA:239,22,2,1
BRDA:241,23,0,10
BRDA:241,23,1,0
BRDA:243,24,0,10
BRDA:243,24,1,0
BRDA:243,25,0,3
BRDA:243,25,1,27
BRDA:255,26,0,10
BRDA:255,26,1,0
BRDA:255,26,2,0
BRDA:256,27,0,10
BRDA:256,27,1,3
BRDA:257,28,0,10
BRDA:257,28,1,0
BRDA:257,28,2,0
BRDA:258,29,0,10
BRDA:258,29,1,7
BRDA:258,29,2,7
BRDA:258,29,3,7
BRDA:262,30,0,10
BRDA:262,30,1,7
BRDA:262,30,2,7
BRDA:262,30,3,0
BRDA:266,31,0,0
BRDA:266,31,1,0
BRDA:266,32,0,0
BRDA:266,32,1,0
BRDA:266,33,0,0
BRDA:266,33,1,0
BRDA:266,34,0,0
BRDA:266,34,1,0
BRDA:272,35,0,0
BRDA:272,35,1,0
BRDA:273,36,0,0
BRDA:273,36,1,0
BRDA:274,37,0,0
BRDA:274,37,1,0
BRDA:281,38,0,0
BRDA:281,38,1,0
BRDA:282,39,0,0
BRDA:282,39,1,0
BRF:86
BRH:30
end_of_record
TN:
SF:src\components\profile\ProfileHeader.jsx
FN:8,(anonymous_0)
FN:20,(anonymous_1)
FN:23,(anonymous_2)
FN:28,(anonymous_3)
FN:29,(anonymous_4)
FN:30,(anonymous_5)
FN:31,(anonymous_6)
FN:33,(anonymous_7)
FN:38,(anonymous_8)
FN:43,(anonymous_9)
FN:44,(anonymous_10)
FNF:11
FNH:5
FNDA:1,(anonymous_0)
FNDA:1,(anonymous_1)
FNDA:2,(anonymous_2)
FNDA:0,(anonymous_3)
FNDA:0,(anonymous_4)
FNDA:0,(anonymous_5)
FNDA:0,(anonymous_6)
FNDA:1,(anonymous_7)
FNDA:1,(anonymous_8)
FNDA:0,(anonymous_9)
FNDA:0,(anonymous_10)
DA:8,1
DA:17,1
DA:18,1
DA:20,1
DA:21,1
DA:22,1
DA:23,2
DA:26,1
DA:28,1
DA:29,1
DA:30,1
DA:31,1
DA:33,1
DA:34,1
DA:35,1
DA:38,1
DA:39,1
DA:40,1
DA:43,1
DA:44,1
DA:46,1
LF:21
LH:21
BRDA:21,0,0,0
BRDA:21,0,1,1
BRDA:23,1,0,1
BRDA:23,1,1,0
BRDA:23,2,0,2
BRDA:23,2,1,0
BRDA:34,3,0,0
BRDA:34,3,1,1
BRDA:39,4,0,0
BRDA:39,4,1,1
BRDA:54,5,0,0
BRDA:54,5,1,1
BRDA:56,6,0,0
BRDA:56,6,1,1
BRDA:75,7,0,0
BRDA:75,7,1,1
BRDA:111,8,0,1
BRDA:111,8,1,1
BRDA:112,9,0,1
BRDA:112,9,1,0
BRDA:121,10,0,1
BRDA:121,10,1,1
BRDA:130,11,0,0
BRDA:130,11,1,1
BRF:24
BRH:14
end_of_record
TN:
SF:src\components\profile\ProfileInfoSection.jsx
FN:10,(anonymous_0)
FNF:1
FNH:1
FNDA:3,(anonymous_0)
DA:10,1
DA:22,3
DA:24,3
LF:3
LH:3
BRDA:22,0,0,3
BRDA:22,0,1,1
BRDA:54,1,0,3
BRDA:54,1,1,1
BRDA:67,2,0,3
BRDA:67,2,1,1
BRF:6
BRH:6
end_of_record
TN:
SF:src\components\profile\StudentCoursesEnrolled.jsx
FN:20,(anonymous_0)
FN:40,(anonymous_1)
FN:41,(anonymous_2)
FN:44,(anonymous_3)
FN:48,(anonymous_4)
FN:49,(anonymous_5)
FN:58,(anonymous_6)
FN:59,(anonymous_7)
FN:65,(anonymous_8)
FN:78,(anonymous_9)
FN:82,(anonymous_10)
FN:96,(anonymous_11)
FN:112,(anonymous_12)
FN:159,(anonymous_13)
FN:161,(anonymous_14)
FN:183,(anonymous_15)
FN:207,(anonymous_16)
FN:238,(anonymous_17)
FN:239,(anonymous_18)
FN:247,(anonymous_19)
FN:305,(anonymous_20)
FNF:21
FNH:12
FNDA:23,(anonymous_0)
FNDA:5,(anonymous_1)
FNDA:5,(anonymous_2)
FNDA:5,(anonymous_3)
FNDA:10,(anonymous_4)
FNDA:5,(anonymous_5)
FNDA:5,(anonymous_6)
FNDA:0,(anonymous_7)
FNDA:0,(anonymous_8)
FNDA:10,(anonymous_9)
FNDA:0,(anonymous_10)
FNDA:0,(anonymous_11)
FNDA:2,(anonymous_12)
FNDA:2,(anonymous_13)
FNDA:2,(anonymous_14)
FNDA:3,(anonymous_15)
FNDA:0,(anonymous_16)
FNDA:0,(anonymous_17)
FNDA:0,(anonymous_18)
FNDA:0,(anonymous_19)
FNDA:0,(anonymous_20)
DA:20,1
DA:22,23
DA:23,23
DA:25,23
DA:34,23
DA:35,23
DA:36,23
DA:37,23
DA:40,23
DA:41,5
DA:42,5
DA:44,5
DA:48,23
DA:49,10
DA:51,10
DA:52,5
DA:54,5
DA:56,5
DA:58,5
DA:59,5
DA:63,5
DA:64,5
DA:66,0
DA:67,0
DA:73,5
DA:74,5
DA:78,10
DA:82,23
DA:83,0
DA:84,0
DA:86,0
DA:87,0
DA:90,0
DA:91,0
DA:96,23
DA:98,0
DA:106,0
DA:107,0
DA:108,0
DA:112,23
DA:114,2
DA:115,1
DA:116,1
DA:118,1
DA:119,0
DA:120,0
DA:123,1
DA:126,1
DA:135,1
DA:136,1
DA:138,0
DA:139,0
DA:142,1
DA:143,1
DA:147,1
DA:148,1
DA:149,1
DA:153,0
DA:154,0
DA:159,23
DA:160,2
DA:161,2
DA:169,23
DA:170,5
DA:173,18
DA:185,3
DA:186,3
DA:187,3
DA:188,3
DA:208,0
DA:238,0
DA:239,0
DA:247,0
DA:305,0
LF:74
LH:51
BRDA:51,0,0,5
BRDA:51,0,1,5
BRDA:83,1,0,0
BRDA:83,1,1,0
BRDA:99,2,0,0
BRDA:99,2,1,0
BRDA:100,3,0,0
BRDA:100,3,1,0
BRDA:101,4,0,0
BRDA:101,4,1,0
BRDA:102,5,0,0
BRDA:102,5,1,0
BRDA:103,6,0,0
BRDA:103,6,1,0
BRDA:114,7,0,1
BRDA:114,7,1,1
BRDA:114,8,0,2
BRDA:114,8,1,1
BRDA:118,9,0,0
BRDA:118,9,1,1
BRDA:131,10,0,1
BRDA:131,10,1,1
BRDA:136,11,0,0
BRDA:136,11,1,1
BRDA:169,12,0,5
BRDA:169,12,1,18
BRDA:200,13,0,18
BRDA:200,13,1,18
BRDA:212,14,0,0
BRDA:212,14,1,0
BRDA:213,15,0,0
BRDA:213,15,1,0
BRDA:218,16,0,0
BRDA:218,16,1,0
BRDA:221,17,0,0
BRDA:221,17,1,0
BRDA:223,18,0,0
BRDA:223,18,1,0
BRDA:229,19,0,0
BRDA:229,19,1,0
BRDA:248,20,0,0
BRDA:248,20,1,18
BRDA:251,21,0,18
BRDA:251,21,1,1
BRDA:310,22,0,0
BRDA:310,22,1,18
BRF:46
BRH:18
end_of_record
TN:
SF:src\components\profile\StudentExperienceResearch.jsx
FN:21,(anonymous_0)
FN:34,Alert
FN:40,(anonymous_2)
FN:67,(anonymous_3)
FN:73,(anonymous_4)
FN:74,(anonymous_5)
FN:83,(anonymous_6)
FN:84,(anonymous_7)
FN:90,(anonymous_8)
FN:103,(anonymous_9)
FN:108,(anonymous_10)
FN:115,(anonymous_11)
FN:124,(anonymous_12)
FN:128,(anonymous_13)
FN:154,(anonymous_14)
FN:176,(anonymous_15)
FN:182,(anonymous_16)
FN:188,(anonymous_17)
FN:191,(anonymous_18)
FN:196,(anonymous_19)
FN:229,(anonymous_20)
FN:260,(anonymous_21)
FN:277,(anonymous_22)
FN:278,(anonymous_23)
FN:283,(anonymous_24)
FN:283,(anonymous_25)
FN:303,(anonymous_26)
FN:314,(anonymous_27)
FN:328,(anonymous_28)
FN:331,(anonymous_29)
FNF:30
FNH:6
FNDA:0,(anonymous_0)
FNDA:0,Alert
FNDA:12,(anonymous_2)
FNDA:5,(anonymous_3)
FNDA:5,(anonymous_4)
FNDA:0,(anonymous_5)
FNDA:5,(anonymous_6)
FNDA:0,(anonymous_7)
FNDA:0,(anonymous_8)
FNDA:5,(anonymous_9)
FNDA:0,(anonymous_10)
FNDA:0,(anonymous_11)
FNDA:0,(anonymous_12)
FNDA:0,(anonymous_13)
FNDA:0,(anonymous_14)
FNDA:2,(anonymous_15)
FNDA:0,(anonymous_16)
FNDA:0,(anonymous_17)
FNDA:0,(anonymous_18)
FNDA:0,(anonymous_19)
FNDA:0,(anonymous_20)
FNDA:0,(anonymous_21)
FNDA:0,(anonymous_22)
FNDA:0,(anonymous_23)
FNDA:0,(anonymous_24)
FNDA:0,(anonymous_25)
FNDA:0,(anonymous_26)
FNDA:0,(anonymous_27)
FNDA:0,(anonymous_28)
FNDA:0,(anonymous_29)
DA:16,1
DA:21,1
DA:22,0
DA:23,0
DA:26,0
DA:28,0
DA:34,1
DA:35,0
DA:40,1
DA:42,12
DA:43,12
DA:44,12
DA:45,12
DA:48,12
DA:49,12
DA:50,12
DA:53,12
DA:54,12
DA:55,12
DA:59,12
DA:60,12
DA:61,12
DA:64,12
DA:67,12
DA:68,5
DA:73,12
DA:74,5
DA:77,5
DA:78,5
DA:79,5
DA:80,5
DA:81,5
DA:83,5
DA:84,5
DA:88,5
DA:89,5
DA:91,0
DA:92,0
DA:93,0
DA:97,0
DA:98,0
DA:103,5
DA:108,12
DA:109,0
DA:110,0
DA:112,0
DA:115,12
DA:116,0
DA:117,0
DA:118,0
DA:124,12
DA:125,0
DA:126,0
DA:127,0
DA:128,0
DA:129,0
DA:131,0
DA:132,0
DA:135,0
DA:137,0
DA:138,0
DA:139,0
DA:140,0
DA:141,0
DA:143,0
DA:145,0
DA:147,0
DA:149,0
DA:154,12
DA:156,0
DA:157,0
DA:159,0
DA:160,0
DA:161,0
DA:162,0
DA:164,0
DA:166,0
DA:168,0
DA:170,0
DA:176,12
DA:177,2
DA:179,2
DA:182,12
DA:183,0
DA:185,0
DA:188,12
DA:189,0
DA:191,0
DA:196,12
DA:198,0
DA:199,0
DA:200,0
DA:203,0
DA:206,0
DA:207,0
DA:208,0
DA:209,0
DA:210,0
DA:211,0
DA:213,0
DA:214,0
DA:215,0
DA:217,0
DA:218,0
DA:220,0
DA:221,0
DA:222,0
DA:224,0
DA:229,12
DA:231,0
DA:232,0
DA:233,0
DA:235,0
DA:237,0
DA:238,0
DA:241,0
DA:244,0
DA:245,0
DA:246,0
DA:247,0
DA:248,0
DA:250,0
DA:251,0
DA:253,0
DA:260,12
DA:261,0
DA:262,0
DA:263,0
DA:264,0
DA:269,12
DA:271,12
DA:277,0
DA:278,0
DA:283,0
DA:304,0
DA:315,0
DA:328,0
DA:331,0
LF:138
LH:46
BRDA:22,0,0,0
BRDA:22,0,1,0
BRDA:43,1,0,12
BRDA:43,1,1,12
BRDA:68,2,0,5
BRDA:68,2,1,5
BRDA:77,3,0,5
BRDA:77,3,1,0
BRDA:109,4,0,0
BRDA:109,4,1,0
BRDA:115,5,0,0
BRDA:127,6,0,0
BRDA:127,6,1,0
BRDA:128,7,0,0
BRDA:128,7,1,0
BRDA:131,8,0,0
BRDA:131,8,1,0
BRDA:135,9,0,0
BRDA:135,9,1,0
BRDA:156,10,0,0
BRDA:156,10,1,0
BRDA:157,11,0,0
BRDA:157,11,1,0
BRDA:198,12,0,0
BRDA:198,12,1,0
BRDA:208,13,0,0
BRDA:208,13,1,0
BRDA:231,14,0,0
BRDA:231,14,1,0
BRDA:235,15,0,0
BRDA:235,15,1,0
BRDA:237,16,0,0
BRDA:237,16,1,0
BRDA:261,17,0,0
BRDA:261,17,1,0
BRDA:262,18,0,0
BRDA:262,18,1,0
BRDA:278,19,0,0
BRDA:278,19,1,12
BRDA:278,20,0,12
BRDA:278,20,1,12
BRDA:279,21,0,0
BRDA:279,21,1,12
BRDA:279,22,0,12
BRDA:279,22,1,12
BRDA:279,22,2,0
BRDA:281,23,0,12
BRDA:281,23,1,0
BRDA:283,24,0,0
BRDA:283,24,1,12
BRDA:283,25,0,0
BRDA:283,25,1,0
BRDA:294,26,0,12
BRDA:294,26,1,0
BRDA:294,26,2,0
BRDA:297,27,0,12
BRDA:297,27,1,5
BRDA:298,28,0,12
BRDA:298,28,1,7
BRDA:298,28,2,7
BRDA:298,28,3,7
BRDA:301,29,0,12
BRDA:301,29,1,7
BRDA:301,29,2,7
BRDA:301,29,3,0
BRDA:307,30,0,0
BRDA:307,30,1,0
BRDA:308,31,0,0
BRDA:308,31,1,0
BRDA:309,32,0,0
BRDA:309,32,1,0
BRDA:310,33,0,0
BRDA:310,33,1,0
BRDA:320,34,0,0
BRDA:320,34,1,0
BRDA:321,35,0,0
BRDA:321,35,1,0
BRDA:323,36,0,0
BRDA:323,36,1,0
BRDA:336,37,0,0
BRDA:336,37,1,0
BRDA:337,38,0,0
BRDA:337,38,1,0
BRF:83
BRH:23
end_of_record
